#
# There is insufficient memory for the Java Runtime Environment to continue.
# Native memory allocation (malloc) failed to allocate 1139056 bytes for Chunk::new
# Possible reasons:
#   The system is out of physical RAM or swap space
#   The process is running with CompressedOops enabled, and the Java Heap may be blocking the growth of the native heap
# Possible solutions:
#   Reduce memory load on the system
#   Increase physical memory or swap space
#   Check if swap backing store is full
#   Decrease Java heap size (-Xmx/-Xms)
#   Decrease number of Java threads
#   Decrease Java thread stack sizes (-Xss)
#   Set larger code cache with -XX:ReservedCodeCacheSize=
#   JVM is running with Unscaled Compressed Oops mode in which the Java heap is
#     placed in the first 4GB address space. The Java Heap base address is the
#     maximum limit for the native heap growth. Please use -XX:HeapBaseMinAddress
#     to set the Java Heap base and to place the Java Heap above 4GB virtual address.
# This output file may be truncated or incomplete.
#
#  Out of Memory Error (./open/src/hotspot/share/memory/arena.cpp:197), pid=12580, tid=1152
#
# JRE version: Java(TM) SE Runtime Environment 18.9 (11.0.15+8) (build 11.0.15+8-LTS-149)
# Java VM: Java HotSpot(TM) 64-Bit Server VM 18.9 (11.0.15+8-LTS-149, mixed mode, tiered, compressed oops, g1 gc, windows-amd64)
# No core dump will be written. Minidumps are not enabled by default on client versions of Windows
#

---------------  S U M M A R Y ------------

Command Line: -XX:MaxMetaspaceSize=512m --add-opens=java.base/java.util=ALL-UNNAMED --add-opens=java.base/java.lang=ALL-UNNAMED --add-opens=java.base/java.lang.invoke=ALL-UNNAMED --add-opens=java.base/java.util=ALL-UNNAMED --add-opens=java.prefs/java.util.prefs=ALL-UNNAMED --add-opens=java.prefs/java.util.prefs=ALL-UNNAMED --add-opens=java.base/java.nio.charset=ALL-UNNAMED --add-opens=java.base/java.net=ALL-UNNAMED --add-opens=java.base/java.util.concurrent.atomic=ALL-UNNAMED -Xmx2048m -Dfile.encoding=windows-1252 -Duser.country=US -Duser.language=en -Duser.variant org.gradle.launcher.daemon.bootstrap.GradleDaemon 7.3.3

Host: Intel(R) Core(TM) i5-3230M CPU @ 2.60GHz, 4 cores, 7G,  Windows 10 , 64 bit Build 19041 (10.0.19041.1706)
Time: Wed Jan 18 19:11:16 2023 Pakistan Standard Time elapsed time: 83.431899 seconds (0d 0h 1m 23s)

---------------  T H R E A D  ---------------

Current thread (0x000002b1cbe02000):  JavaThread "C2 CompilerThread0" daemon [_thread_in_native, id=1152, stack(0x000000be9ab00000,0x000000be9ac00000)]


Current CompileTask:
C2:  83432 13827   !   4       java.nio.file.FileTreeWalker::next (144 bytes)

Stack: [0x000000be9ab00000,0x000000be9ac00000]
Native frames: (J=compiled Java code, j=interpreted, Vv=VM code, C=native code)
V  [jvm.dll+0x629d8a]
V  [jvm.dll+0x7638ff]
V  [jvm.dll+0x764fa9]
V  [jvm.dll+0x765633]
V  [jvm.dll+0x23d9c8]
V  [jvm.dll+0xb2a1c]
V  [jvm.dll+0xb2fdc]
V  [jvm.dll+0x341002]
V  [jvm.dll+0x30e9b3]
V  [jvm.dll+0x30dcfa]
V  [jvm.dll+0x1f8565]
V  [jvm.dll+0x1f774d]
V  [jvm.dll+0x177c51]
V  [jvm.dll+0x207026]
V  [jvm.dll+0x2051bb]
V  [jvm.dll+0x729820]
V  [jvm.dll+0x7223f4]
V  [jvm.dll+0x628c26]
C  [ucrtbase.dll+0x21bb2]
C  [KERNEL32.DLL+0x17034]
C  [ntdll.dll+0x52651]


---------------  P R O C E S S  ---------------

Threads class SMR info:
_java_thread_list=0x000002b1d190fd10, length=88, elements={
0x000002b1ae629000, 0x000002b1cbd9a000, 0x000002b1cbd9b800, 0x000002b1cbdb6800,
0x000002b1cbdb7800, 0x000002b1cbdff800, 0x000002b1cbe02000, 0x000002b1cc761800,
0x000002b1cc76c800, 0x000002b1cc863800, 0x000002b1cd6d0000, 0x000002b1cd6b5000,
0x000002b1cd7e4800, 0x000002b1ce030800, 0x000002b1ce180800, 0x000002b1cdee3800,
0x000002b1ccc4d000, 0x000002b1cdb0f800, 0x000002b1cd9f2000, 0x000002b1ce56a000,
0x000002b1ce569000, 0x000002b1ce565000, 0x000002b1ce568800, 0x000002b1ce566800,
0x000002b1ce566000, 0x000002b1ce567800, 0x000002b1ce564800, 0x000002b1ce56b000,
0x000002b1ce583000, 0x000002b1ce589000, 0x000002b1ce584000, 0x000002b1ce587000,
0x000002b1ce585800, 0x000002b1ce588000, 0x000002b1ce58a800, 0x000002b1ce584800,
0x000002b1ce591000, 0x000002b1ce58d800, 0x000002b1ce58c000, 0x000002b1ce58b000,
0x000002b1ce58d000, 0x000002b1ce58f800, 0x000002b1ce58e800, 0x000002b1ce590000,
0x000002b1ce592000, 0x000002b1cd4db000, 0x000002b1cd4df000, 0x000002b1cd4dc000,
0x000002b1cd4d9800, 0x000002b1cd4e0000, 0x000002b1cd4da000, 0x000002b1cd4dc800,
0x000002b1cd4dd800, 0x000002b1cd4de800, 0x000002b1cd972000, 0x000002b1cd972800,
0x000002b1cd971000, 0x000002b1cd96f800, 0x000002b1cd970000, 0x000002b1cd96e000,
0x000002b1cd96e800, 0x000002b1cd979000, 0x000002b1cd978800, 0x000002b1cd974800,
0x000002b1cd976000, 0x000002b1cd973800, 0x000002b1cd976800, 0x000002b1cd977800,
0x000002b1cd97a000, 0x000002b1cd97b000, 0x000002b1cd975000, 0x000002b1cd97c800,
0x000002b1cd97b800, 0x000002b1d178c800, 0x000002b1d178d000, 0x000002b1d178a800,
0x000002b1d178f800, 0x000002b1d1790800, 0x000002b1d1791000, 0x000002b1d3063000,
0x000002b1d3064000, 0x000002b1d3062800, 0x000002b1d305e800, 0x000002b1d3061800,
0x000002b1d3065000, 0x000002b1d3060800, 0x000002b1d3065800, 0x000002b1d3060000
}

Java Threads: ( => current thread )
  0x000002b1ae629000 JavaThread "main" [_thread_blocked, id=5280, stack(0x000000be99f00000,0x000000be9a000000)]
  0x000002b1cbd9a000 JavaThread "Reference Handler" daemon [_thread_blocked, id=12720, stack(0x000000be9a600000,0x000000be9a700000)]
  0x000002b1cbd9b800 JavaThread "Finalizer" daemon [_thread_blocked, id=17932, stack(0x000000be9a700000,0x000000be9a800000)]
  0x000002b1cbdb6800 JavaThread "Signal Dispatcher" daemon [_thread_blocked, id=2080, stack(0x000000be9a800000,0x000000be9a900000)]
  0x000002b1cbdb7800 JavaThread "Attach Listener" daemon [_thread_blocked, id=17168, stack(0x000000be9a900000,0x000000be9aa00000)]
  0x000002b1cbdff800 JavaThread "Service Thread" daemon [_thread_blocked, id=9568, stack(0x000000be9aa00000,0x000000be9ab00000)]
=>0x000002b1cbe02000 JavaThread "C2 CompilerThread0" daemon [_thread_in_native, id=1152, stack(0x000000be9ab00000,0x000000be9ac00000)]
  0x000002b1cc761800 JavaThread "C1 CompilerThread0" daemon [_thread_blocked, id=17800, stack(0x000000be9ac00000,0x000000be9ad00000)]
  0x000002b1cc76c800 JavaThread "Sweeper thread" daemon [_thread_blocked, id=5372, stack(0x000000be9ad00000,0x000000be9ae00000)]
  0x000002b1cc863800 JavaThread "Common-Cleaner" daemon [_thread_blocked, id=11260, stack(0x000000be9ae00000,0x000000be9af00000)]
  0x000002b1cd6d0000 JavaThread "Daemon health stats" [_thread_blocked, id=12296, stack(0x000000be9b200000,0x000000be9b300000)]
  0x000002b1cd6b5000 JavaThread "Incoming local TCP Connector on port 63226" [_thread_in_native, id=18012, stack(0x000000be9b400000,0x000000be9b500000)]
  0x000002b1cd7e4800 JavaThread "Daemon periodic checks" [_thread_blocked, id=17752, stack(0x000000be9b500000,0x000000be9b600000)]
  0x000002b1ce030800 JavaThread "Daemon" [_thread_blocked, id=13984, stack(0x000000be9b600000,0x000000be9b700000)]
  0x000002b1ce180800 JavaThread "Handler for socket connection from /127.0.0.1:63226 to /127.0.0.1:63227" [_thread_in_native, id=9252, stack(0x000000be9b700000,0x000000be9b800000)]
  0x000002b1cdee3800 JavaThread "Cancel handler" [_thread_blocked, id=15336, stack(0x000000be9b800000,0x000000be9b900000)]
  0x000002b1ccc4d000 JavaThread "Daemon worker" [_thread_blocked, id=9312, stack(0x000000be9b900000,0x000000be9ba00000)]
  0x000002b1cdb0f800 JavaThread "Asynchronous log dispatcher for DefaultDaemonConnection: socket connection from /127.0.0.1:63226 to /127.0.0.1:63227" [_thread_blocked, id=7364, stack(0x000000be9ba00000,0x000000be9bb00000)]
  0x000002b1cd9f2000 JavaThread "Stdin handler" [_thread_blocked, id=10548, stack(0x000000be9bb00000,0x000000be9bc00000)]
  0x000002b1ce56a000 JavaThread "Daemon client event forwarder" [_thread_blocked, id=1928, stack(0x000000be9bc00000,0x000000be9bd00000)]
  0x000002b1ce569000 JavaThread "Cache worker for journal cache (C:\Users\jahan\.gradle\caches\journal-1)" [_thread_blocked, id=11592, stack(0x000000be9bd00000,0x000000be9be00000)]
  0x000002b1ce565000 JavaThread "File lock request listener" [_thread_in_native, id=16736, stack(0x000000be9be00000,0x000000be9bf00000)]
  0x000002b1ce568800 JavaThread "Cache worker for file hash cache (C:\Users\jahan\.gradle\caches\7.3.3\fileHashes)" [_thread_blocked, id=5936, stack(0x000000be9bf00000,0x000000be9c000000)]
  0x000002b1ce566800 JavaThread "Cache worker for file hash cache (C:\Users\jahan\Desktop\Axiom\align_app\android\.gradle\7.3.3\fileHashes)" [_thread_blocked, id=3080, stack(0x000000be9c000000,0x000000be9c100000)]
  0x000002b1ce566000 JavaThread "File watcher server" daemon [_thread_in_native, id=8920, stack(0x000000be9c100000,0x000000be9c200000)]
  0x000002b1ce567800 JavaThread "File watcher consumer" daemon [_thread_blocked, id=1348, stack(0x000000be9c200000,0x000000be9c300000)]
  0x000002b1ce564800 JavaThread "Cache worker for checksums cache (C:\Users\jahan\Desktop\Axiom\align_app\android\.gradle\7.3.3\checksums)" [_thread_blocked, id=13644, stack(0x000000be9c300000,0x000000be9c400000)]
  0x000002b1ce56b000 JavaThread "Cache worker for cache directory md-supplier (C:\Users\jahan\.gradle\caches\7.3.3\md-supplier)" [_thread_blocked, id=5448, stack(0x000000be9c400000,0x000000be9c500000)]
  0x000002b1ce583000 JavaThread "Cache worker for cache directory md-rule (C:\Users\jahan\.gradle\caches\7.3.3\md-rule)" [_thread_blocked, id=14624, stack(0x000000be9c500000,0x000000be9c600000)]
  0x000002b1ce589000 JavaThread "Cache worker for execution history cache (C:\Users\jahan\.gradle\caches\7.3.3\executionHistory)" [_thread_blocked, id=1224, stack(0x000000be9c600000,0x000000be9c700000)]
  0x000002b1ce584000 JavaThread "jar transforms" [_thread_blocked, id=9544, stack(0x000000be9c700000,0x000000be9c800000)]
  0x000002b1ce587000 JavaThread "jar transforms Thread 2" [_thread_blocked, id=1444, stack(0x000000be9c800000,0x000000be9c900000)]
  0x000002b1ce585800 JavaThread "Cache worker for file content cache (C:\Users\jahan\.gradle\caches\7.3.3\fileContent)" [_thread_blocked, id=18096, stack(0x000000be9c900000,0x000000be9ca00000)]
  0x000002b1ce588000 JavaThread "jar transforms Thread 3" [_thread_blocked, id=14048, stack(0x000000be9ca00000,0x000000be9cb00000)]
  0x000002b1ce58a800 JavaThread "jar transforms Thread 4" [_thread_blocked, id=13428, stack(0x000000be9cb00000,0x000000be9cc00000)]
  0x000002b1ce584800 JavaThread "Cache worker for kotlin-dsl (C:\Users\jahan\.gradle\caches\7.3.3\kotlin-dsl)" [_thread_blocked, id=17164, stack(0x000000be9cc00000,0x000000be9cd00000)]
  0x000002b1ce591000 JavaThread "Cache worker for dependencies-accessors (C:\Users\jahan\Desktop\Axiom\align_app\android\.gradle\7.3.3\dependencies-accessors)" [_thread_blocked, id=12748, stack(0x000000be9cd00000,0x000000be9ce00000)]
  0x000002b1ce58d800 JavaThread "Cache worker for Build Output Cleanup Cache (C:\Users\jahan\Desktop\Axiom\align_app\node_modules\react-native-gradle-plugin\.gradle\buildOutputCleanup)" [_thread_blocked, id=17848, stack(0x000000be9ce00000,0x000000be9cf00000)]
  0x000002b1ce58c000 JavaThread "Unconstrained build operations" [_thread_blocked, id=4900, stack(0x000000be9cf00000,0x000000be9d000000)]
  0x000002b1ce58b000 JavaThread "Unconstrained build operations Thread 2" [_thread_blocked, id=18312, stack(0x000000be9d000000,0x000000be9d100000)]
  0x000002b1ce58d000 JavaThread "Unconstrained build operations Thread 3" [_thread_blocked, id=5628, stack(0x000000be9d100000,0x000000be9d200000)]
  0x000002b1ce58f800 JavaThread "Unconstrained build operations Thread 4" [_thread_blocked, id=6220, stack(0x000000be9d200000,0x000000be9d300000)]
  0x000002b1ce58e800 JavaThread "Unconstrained build operations Thread 5" [_thread_blocked, id=12044, stack(0x000000be9d300000,0x000000be9d400000)]
  0x000002b1ce590000 JavaThread "Unconstrained build operations Thread 6" [_thread_blocked, id=12612, stack(0x000000be9d400000,0x000000be9d500000)]
  0x000002b1ce592000 JavaThread "Unconstrained build operations Thread 7" [_thread_blocked, id=13948, stack(0x000000be9d500000,0x000000be9d600000)]
  0x000002b1cd4db000 JavaThread "Unconstrained build operations Thread 8" [_thread_blocked, id=14612, stack(0x000000be9d600000,0x000000be9d700000)]
  0x000002b1cd4df000 JavaThread "Unconstrained build operations Thread 9" [_thread_blocked, id=13316, stack(0x000000be9d700000,0x000000be9d800000)]
  0x000002b1cd4dc000 JavaThread "Unconstrained build operations Thread 10" [_thread_blocked, id=12560, stack(0x000000be9d800000,0x000000be9d900000)]
  0x000002b1cd4d9800 JavaThread "Unconstrained build operations Thread 11" [_thread_blocked, id=9460, stack(0x000000be9d900000,0x000000be9da00000)]
  0x000002b1cd4e0000 JavaThread "Unconstrained build operations Thread 12" [_thread_blocked, id=18284, stack(0x000000be9da00000,0x000000be9db00000)]
  0x000002b1cd4da000 JavaThread "Unconstrained build operations Thread 13" [_thread_blocked, id=13420, stack(0x000000be9db00000,0x000000be9dc00000)]
  0x000002b1cd4dc800 JavaThread "Unconstrained build operations Thread 14" [_thread_blocked, id=14528, stack(0x000000be9dc00000,0x000000be9dd00000)]
  0x000002b1cd4dd800 JavaThread "Unconstrained build operations Thread 15" [_thread_blocked, id=9792, stack(0x000000be9dd00000,0x000000be9de00000)]
  0x000002b1cd4de800 JavaThread "Unconstrained build operations Thread 16" [_thread_blocked, id=14100, stack(0x000000be9de00000,0x000000be9df00000)]
  0x000002b1cd972000 JavaThread "Unconstrained build operations Thread 17" [_thread_blocked, id=17336, stack(0x000000be9df00000,0x000000be9e000000)]
  0x000002b1cd972800 JavaThread "Unconstrained build operations Thread 18" [_thread_blocked, id=236, stack(0x000000be9e000000,0x000000be9e100000)]
  0x000002b1cd971000 JavaThread "Unconstrained build operations Thread 19" [_thread_blocked, id=16164, stack(0x000000be9e100000,0x000000be9e200000)]
  0x000002b1cd96f800 JavaThread "Unconstrained build operations Thread 20" [_thread_blocked, id=13968, stack(0x000000be9e200000,0x000000be9e300000)]
  0x000002b1cd970000 JavaThread "Unconstrained build operations Thread 21" [_thread_blocked, id=13980, stack(0x000000be9e300000,0x000000be9e400000)]
  0x000002b1cd96e000 JavaThread "Unconstrained build operations Thread 22" [_thread_blocked, id=6336, stack(0x000000be9e400000,0x000000be9e500000)]
  0x000002b1cd96e800 JavaThread "Unconstrained build operations Thread 23" [_thread_blocked, id=1324, stack(0x000000be9e500000,0x000000be9e600000)]
  0x000002b1cd979000 JavaThread "Unconstrained build operations Thread 24" [_thread_blocked, id=17076, stack(0x000000be9e600000,0x000000be9e700000)]
  0x000002b1cd978800 JavaThread "Unconstrained build operations Thread 25" [_thread_blocked, id=7700, stack(0x000000be9e700000,0x000000be9e800000)]
  0x000002b1cd974800 JavaThread "Unconstrained build operations Thread 26" [_thread_blocked, id=13048, stack(0x000000be9e800000,0x000000be9e900000)]
  0x000002b1cd976000 JavaThread "Unconstrained build operations Thread 27" [_thread_blocked, id=1508, stack(0x000000be9e900000,0x000000be9ea00000)]
  0x000002b1cd973800 JavaThread "Unconstrained build operations Thread 28" [_thread_blocked, id=11048, stack(0x000000be9ea00000,0x000000be9eb00000)]
  0x000002b1cd976800 JavaThread "Unconstrained build operations Thread 29" [_thread_blocked, id=4680, stack(0x000000be9eb00000,0x000000be9ec00000)]
  0x000002b1cd977800 JavaThread "Unconstrained build operations Thread 30" [_thread_blocked, id=4984, stack(0x000000be9ec00000,0x000000be9ed00000)]
  0x000002b1cd97a000 JavaThread "Unconstrained build operations Thread 31" [_thread_blocked, id=4268, stack(0x000000be9ed00000,0x000000be9ee00000)]
  0x000002b1cd97b000 JavaThread "Unconstrained build operations Thread 32" [_thread_blocked, id=2460, stack(0x000000be9ee00000,0x000000be9ef00000)]
  0x000002b1cd975000 JavaThread "Unconstrained build operations Thread 33" [_thread_blocked, id=14628, stack(0x000000be9ef00000,0x000000be9f000000)]
  0x000002b1cd97c800 JavaThread "build event listener" [_thread_blocked, id=16700, stack(0x000000be9f200000,0x000000be9f300000)]
  0x000002b1cd97b800 JavaThread "Memory manager" [_thread_blocked, id=16780, stack(0x000000be9f300000,0x000000be9f400000)]
  0x000002b1d178c800 JavaThread "Cache worker for Build Output Cleanup Cache (C:\Users\jahan\Desktop\Axiom\align_app\android\.gradle\buildOutputCleanup)" [_thread_blocked, id=12856, stack(0x000000be9f400000,0x000000be9f500000)]
  0x000002b1d178d000 JavaThread "included builds" [_thread_blocked, id=1684, stack(0x000000be9f500000,0x000000be9f600000)]
  0x000002b1d178a800 JavaThread "Cache worker for execution history cache (C:\Users\jahan\Desktop\Axiom\align_app\node_modules\react-native-gradle-plugin\.gradle\7.3.3\executionHistory)" [_thread_blocked, id=15080, stack(0x000000be9f900000,0x000000be9fa00000)]
  0x000002b1d178f800 JavaThread "Unconstrained build operations Thread 34" [_thread_blocked, id=6036, stack(0x000000be9fa00000,0x000000be9fb00000)]
  0x000002b1d1790800 JavaThread "Unconstrained build operations Thread 35" [_thread_blocked, id=712, stack(0x000000be9fb00000,0x000000be9fc00000)]
  0x000002b1d1791000 JavaThread "Unconstrained build operations Thread 36" [_thread_blocked, id=5104, stack(0x000000be9fc00000,0x000000be9fd00000)]
  0x000002b1d3063000 JavaThread "Unconstrained build operations Thread 37" [_thread_blocked, id=12020, stack(0x000000be9fd00000,0x000000be9fe00000)]
  0x000002b1d3064000 JavaThread "Unconstrained build operations Thread 38" [_thread_blocked, id=15872, stack(0x000000be9fe00000,0x000000be9ff00000)]
  0x000002b1d3062800 JavaThread "Unconstrained build operations Thread 39" [_thread_blocked, id=8320, stack(0x000000be9ff00000,0x000000bea0000000)]
  0x000002b1d305e800 JavaThread "Unconstrained build operations Thread 40" [_thread_blocked, id=17188, stack(0x000000bea0000000,0x000000bea0100000)]
  0x000002b1d3061800 JavaThread "build event listener" [_thread_blocked, id=8608, stack(0x000000be99d00000,0x000000be99e00000)]
  0x000002b1d3065000 JavaThread "Execution worker for ':'" [_thread_in_native, id=11884, stack(0x000000be99e00000,0x000000be99f00000)]
  0x000002b1d3060800 JavaThread "Execution worker for ':' Thread 2" [_thread_blocked, id=8040, stack(0x000000be9f600000,0x000000be9f700000)]
  0x000002b1d3065800 JavaThread "Execution worker for ':' Thread 3" [_thread_blocked, id=8364, stack(0x000000be9f700000,0x000000be9f800000)]
  0x000002b1d3060000 JavaThread "Cache worker for execution history cache (C:\Users\jahan\Desktop\Axiom\align_app\android\.gradle\7.3.3\executionHistory)" [_thread_blocked, id=12480, stack(0x000000be9f800000,0x000000be9f900000)]

Other Threads:
  0x000002b1cbd93800 VMThread "VM Thread" [stack: 0x000000be9a500000,0x000000be9a600000] [id=17128]
  0x000002b1cc8d3000 WatcherThread [stack: 0x000000be9af00000,0x000000be9b000000] [id=13560]
  0x000002b1ae640000 GCTaskThread "GC Thread#0" [stack: 0x000000be9a000000,0x000000be9a100000] [id=11796]
  0x000002b1ccc21800 GCTaskThread "GC Thread#1" [stack: 0x000000be9b000000,0x000000be9b100000] [id=13148]
  0x000002b1ccf8e000 GCTaskThread "GC Thread#2" [stack: 0x000000be9b100000,0x000000be9b200000] [id=16232]
  0x000002b1ccc56000 GCTaskThread "GC Thread#3" [stack: 0x000000be9b300000,0x000000be9b400000] [id=4836]
  0x000002b1ae670800 ConcurrentGCThread "G1 Main Marker" [stack: 0x000000be9a100000,0x000000be9a200000] [id=4452]
  0x000002b1ae671800 ConcurrentGCThread "G1 Conc#0" [stack: 0x000000be9a200000,0x000000be9a300000] [id=9588]
  0x000002b1ae702800 ConcurrentGCThread "G1 Refine#0" [stack: 0x000000be9a300000,0x000000be9a400000] [id=8792]
  0x000002b1ae703800 ConcurrentGCThread "G1 Young RemSet Sampling" [stack: 0x000000be9a400000,0x000000be9a500000] [id=3216]

Threads with active compile tasks:
C2 CompilerThread0  83498 13827   !   4       java.nio.file.FileTreeWalker::next (144 bytes)

VM state:not at safepoint (normal execution)

VM Mutex/Monitor currently owned by a thread: None

Heap address: 0x0000000080000000, size: 2048 MB, Compressed Oops mode: 32-bit
Narrow klass base: 0x0000000000000000, Narrow klass shift: 3
Compressed class space size: 528482304 Address: 0x0000000100000000

Heap:
 garbage-first heap   total 273408K, used 185622K [0x0000000080000000, 0x0000000100000000)
  region size 1024K, 28 young (28672K), 5 survivors (5120K)
 Metaspace       used 107126K, capacity 111270K, committed 111304K, reserved 612352K
  class space    used 14094K, capacity 15677K, committed 15692K, reserved 516096K
Heap Regions: E=young(eden), S=young(survivor), O=old, HS=humongous(starts), HC=humongous(continues), CS=collection set, F=free, A=archive, TAMS=top-at-mark-start (previous, next)
|   0|0x0000000080000000, 0x0000000080100000, 0x0000000080100000|100%| O|  |TAMS 0x0000000080100000, 0x0000000080000000| Untracked 
|   1|0x0000000080100000, 0x0000000080200000, 0x0000000080200000|100%| O|  |TAMS 0x0000000080200000, 0x0000000080100000| Untracked 
|   2|0x0000000080200000, 0x0000000080300000, 0x0000000080300000|100%| O|  |TAMS 0x0000000080300000, 0x0000000080200000| Untracked 
|   3|0x0000000080300000, 0x0000000080400000, 0x0000000080400000|100%|HS|  |TAMS 0x0000000080400000, 0x0000000080300000| Complete 
|   4|0x0000000080400000, 0x0000000080500000, 0x0000000080500000|100%|HC|  |TAMS 0x0000000080500000, 0x0000000080400000| Complete 
|   5|0x0000000080500000, 0x0000000080600000, 0x0000000080600000|100%|HC|  |TAMS 0x0000000080600000, 0x0000000080500000| Complete 
|   6|0x0000000080600000, 0x0000000080700000, 0x0000000080700000|100%| O|  |TAMS 0x0000000080700000, 0x0000000080600000| Untracked 
|   7|0x0000000080700000, 0x0000000080800000, 0x0000000080800000|100%| O|  |TAMS 0x0000000080800000, 0x0000000080700000| Untracked 
|   8|0x0000000080800000, 0x0000000080900000, 0x0000000080900000|100%| O|  |TAMS 0x0000000080900000, 0x0000000080800000| Untracked 
|   9|0x0000000080900000, 0x0000000080a00000, 0x0000000080a00000|100%| O|  |TAMS 0x0000000080a00000, 0x0000000080900000| Untracked 
|  10|0x0000000080a00000, 0x0000000080b00000, 0x0000000080b00000|100%| O|  |TAMS 0x0000000080b00000, 0x0000000080a00000| Untracked 
|  11|0x0000000080b00000, 0x0000000080c00000, 0x0000000080c00000|100%| O|  |TAMS 0x0000000080c00000, 0x0000000080b00000| Untracked 
|  12|0x0000000080c00000, 0x0000000080d00000, 0x0000000080d00000|100%| O|  |TAMS 0x0000000080d00000, 0x0000000080c00000| Untracked 
|  13|0x0000000080d00000, 0x0000000080e00000, 0x0000000080e00000|100%| O|  |TAMS 0x0000000080e00000, 0x0000000080d00000| Untracked 
|  14|0x0000000080e00000, 0x0000000080f00000, 0x0000000080f00000|100%| O|  |TAMS 0x0000000080f00000, 0x0000000080e00000| Untracked 
|  15|0x0000000080f00000, 0x0000000081000000, 0x0000000081000000|100%|HS|  |TAMS 0x0000000081000000, 0x0000000080f00000| Complete 
|  16|0x0000000081000000, 0x0000000081100000, 0x0000000081100000|100%| O|  |TAMS 0x0000000081100000, 0x0000000081000000| Untracked 
|  17|0x0000000081100000, 0x0000000081200000, 0x0000000081200000|100%| O|  |TAMS 0x0000000081200000, 0x0000000081100000| Untracked 
|  18|0x0000000081200000, 0x0000000081300000, 0x0000000081300000|100%| O|  |TAMS 0x0000000081300000, 0x0000000081200000| Untracked 
|  19|0x0000000081300000, 0x0000000081400000, 0x0000000081400000|100%| O|  |TAMS 0x0000000081400000, 0x0000000081300000| Untracked 
|  20|0x0000000081400000, 0x0000000081500000, 0x0000000081500000|100%| O|  |TAMS 0x0000000081500000, 0x0000000081400000| Untracked 
|  21|0x0000000081500000, 0x0000000081600000, 0x0000000081600000|100%| O|  |TAMS 0x0000000081600000, 0x0000000081500000| Untracked 
|  22|0x0000000081600000, 0x0000000081700000, 0x0000000081700000|100%| O|  |TAMS 0x0000000081700000, 0x0000000081600000| Untracked 
|  23|0x0000000081700000, 0x0000000081800000, 0x0000000081800000|100%| O|  |TAMS 0x0000000081800000, 0x0000000081700000| Untracked 
|  24|0x0000000081800000, 0x0000000081900000, 0x0000000081900000|100%| O|  |TAMS 0x0000000081900000, 0x0000000081800000| Untracked 
|  25|0x0000000081900000, 0x0000000081a00000, 0x0000000081a00000|100%| O|  |TAMS 0x0000000081a00000, 0x0000000081900000| Untracked 
|  26|0x0000000081a00000, 0x0000000081b00000, 0x0000000081b00000|100%| O|  |TAMS 0x0000000081b00000, 0x0000000081a00000| Untracked 
|  27|0x0000000081b00000, 0x0000000081c00000, 0x0000000081c00000|100%| O|  |TAMS 0x0000000081c00000, 0x0000000081b00000| Untracked 
|  28|0x0000000081c00000, 0x0000000081d00000, 0x0000000081d00000|100%| O|  |TAMS 0x0000000081d00000, 0x0000000081c00000| Untracked 
|  29|0x0000000081d00000, 0x0000000081e00000, 0x0000000081e00000|100%|HS|  |TAMS 0x0000000081e00000, 0x0000000081d00000| Complete 
|  30|0x0000000081e00000, 0x0000000081f00000, 0x0000000081f00000|100%|HC|  |TAMS 0x0000000081f00000, 0x0000000081e00000| Complete 
|  31|0x0000000081f00000, 0x0000000082000000, 0x0000000082000000|100%|HC|  |TAMS 0x0000000082000000, 0x0000000081f00000| Complete 
|  32|0x0000000082000000, 0x0000000082100000, 0x0000000082100000|100%| O|  |TAMS 0x0000000082100000, 0x0000000082000000| Untracked 
|  33|0x0000000082100000, 0x0000000082200000, 0x0000000082200000|100%| O|  |TAMS 0x0000000082200000, 0x0000000082100000| Untracked 
|  34|0x0000000082200000, 0x0000000082300000, 0x0000000082300000|100%| O|  |TAMS 0x0000000082300000, 0x0000000082200000| Untracked 
|  35|0x0000000082300000, 0x0000000082400000, 0x0000000082400000|100%| O|  |TAMS 0x0000000082400000, 0x0000000082300000| Untracked 
|  36|0x0000000082400000, 0x0000000082500000, 0x0000000082500000|100%| O|  |TAMS 0x0000000082500000, 0x0000000082400000| Untracked 
|  37|0x0000000082500000, 0x0000000082600000, 0x0000000082600000|100%| O|  |TAMS 0x00000000825e3800, 0x0000000082500000| Untracked 
|  38|0x0000000082600000, 0x0000000082700000, 0x0000000082700000|100%| O|  |TAMS 0x0000000082700000, 0x0000000082600000| Untracked 
|  39|0x0000000082700000, 0x0000000082800000, 0x0000000082800000|100%| O|  |TAMS 0x0000000082800000, 0x0000000082700000| Untracked 
|  40|0x0000000082800000, 0x0000000082900000, 0x0000000082900000|100%| O|  |TAMS 0x0000000082900000, 0x0000000082800000| Untracked 
|  41|0x0000000082900000, 0x0000000082a00000, 0x0000000082a00000|100%| O|  |TAMS 0x0000000082a00000, 0x0000000082900000| Untracked 
|  42|0x0000000082a00000, 0x0000000082b00000, 0x0000000082b00000|100%| O|  |TAMS 0x0000000082b00000, 0x0000000082a00000| Untracked 
|  43|0x0000000082b00000, 0x0000000082c00000, 0x0000000082c00000|100%| O|  |TAMS 0x0000000082c00000, 0x0000000082b00000| Untracked 
|  44|0x0000000082c00000, 0x0000000082d00000, 0x0000000082d00000|100%| O|  |TAMS 0x0000000082d00000, 0x0000000082c00000| Untracked 
|  45|0x0000000082d00000, 0x0000000082e00000, 0x0000000082e00000|100%| O|  |TAMS 0x0000000082e00000, 0x0000000082d00000| Untracked 
|  46|0x0000000082e00000, 0x0000000082f00000, 0x0000000082f00000|100%| O|  |TAMS 0x0000000082f00000, 0x0000000082e00000| Untracked 
|  47|0x0000000082f00000, 0x0000000083000000, 0x0000000083000000|100%| O|  |TAMS 0x0000000083000000, 0x0000000082f00000| Untracked 
|  48|0x0000000083000000, 0x0000000083100000, 0x0000000083100000|100%|HS|  |TAMS 0x0000000083100000, 0x0000000083000000| Complete 
|  49|0x0000000083100000, 0x0000000083200000, 0x0000000083200000|100%|HS|  |TAMS 0x0000000083200000, 0x0000000083100000| Complete 
|  50|0x0000000083200000, 0x0000000083300000, 0x0000000083300000|100%|HS|  |TAMS 0x0000000083300000, 0x0000000083200000| Complete 
|  51|0x0000000083300000, 0x0000000083400000, 0x0000000083400000|100%|HC|  |TAMS 0x0000000083400000, 0x0000000083300000| Complete 
|  52|0x0000000083400000, 0x0000000083500000, 0x0000000083500000|100%| O|  |TAMS 0x0000000083500000, 0x0000000083400000| Untracked 
|  53|0x0000000083500000, 0x0000000083600000, 0x0000000083600000|100%| O|  |TAMS 0x0000000083600000, 0x0000000083500000| Untracked 
|  54|0x0000000083600000, 0x0000000083700000, 0x0000000083700000|100%| O|  |TAMS 0x0000000083700000, 0x0000000083600000| Untracked 
|  55|0x0000000083700000, 0x0000000083800000, 0x0000000083800000|100%| O|  |TAMS 0x0000000083800000, 0x0000000083700000| Untracked 
|  56|0x0000000083800000, 0x0000000083900000, 0x0000000083900000|100%| O|  |TAMS 0x0000000083900000, 0x0000000083800000| Untracked 
|  57|0x0000000083900000, 0x0000000083a00000, 0x0000000083a00000|100%| O|  |TAMS 0x0000000083a00000, 0x0000000083900000| Untracked 
|  58|0x0000000083a00000, 0x0000000083b00000, 0x0000000083b00000|100%| O|  |TAMS 0x0000000083b00000, 0x0000000083a00000| Untracked 
|  59|0x0000000083b00000, 0x0000000083c00000, 0x0000000083c00000|100%| O|  |TAMS 0x0000000083c00000, 0x0000000083b00000| Untracked 
|  60|0x0000000083c00000, 0x0000000083d00000, 0x0000000083d00000|100%| O|  |TAMS 0x0000000083d00000, 0x0000000083c00000| Untracked 
|  61|0x0000000083d00000, 0x0000000083e00000, 0x0000000083e00000|100%| O|  |TAMS 0x0000000083e00000, 0x0000000083d00000| Untracked 
|  62|0x0000000083e00000, 0x0000000083f00000, 0x0000000083f00000|100%| O|  |TAMS 0x0000000083f00000, 0x0000000083e00000| Untracked 
|  63|0x0000000083f00000, 0x0000000084000000, 0x0000000084000000|100%| O|  |TAMS 0x0000000084000000, 0x0000000083f00000| Untracked 
|  64|0x0000000084000000, 0x0000000084100000, 0x0000000084100000|100%| O|  |TAMS 0x0000000084100000, 0x0000000084000000| Untracked 
|  65|0x0000000084100000, 0x0000000084200000, 0x0000000084200000|100%| O|  |TAMS 0x0000000084200000, 0x0000000084100000| Untracked 
|  66|0x0000000084200000, 0x0000000084300000, 0x0000000084300000|100%|HS|  |TAMS 0x0000000084300000, 0x0000000084200000| Complete 
|  67|0x0000000084300000, 0x0000000084400000, 0x0000000084400000|100%| O|  |TAMS 0x0000000084400000, 0x0000000084300000| Untracked 
|  68|0x0000000084400000, 0x0000000084500000, 0x0000000084500000|100%| O|  |TAMS 0x0000000084500000, 0x0000000084400000| Untracked 
|  69|0x0000000084500000, 0x0000000084600000, 0x0000000084600000|100%| O|  |TAMS 0x0000000084600000, 0x0000000084500000| Untracked 
|  70|0x0000000084600000, 0x0000000084700000, 0x0000000084700000|100%| O|  |TAMS 0x0000000084700000, 0x0000000084600000| Untracked 
|  71|0x0000000084700000, 0x0000000084800000, 0x0000000084800000|100%| O|  |TAMS 0x0000000084800000, 0x0000000084700000| Untracked 
|  72|0x0000000084800000, 0x0000000084900000, 0x0000000084900000|100%| O|  |TAMS 0x0000000084900000, 0x0000000084800000| Untracked 
|  73|0x0000000084900000, 0x0000000084a00000, 0x0000000084a00000|100%| O|  |TAMS 0x0000000084a00000, 0x0000000084900000| Untracked 
|  74|0x0000000084a00000, 0x0000000084b00000, 0x0000000084b00000|100%| O|  |TAMS 0x0000000084b00000, 0x0000000084a00000| Untracked 
|  75|0x0000000084b00000, 0x0000000084c00000, 0x0000000084c00000|100%| O|  |TAMS 0x0000000084c00000, 0x0000000084b00000| Untracked 
|  76|0x0000000084c00000, 0x0000000084d00000, 0x0000000084d00000|100%| O|  |TAMS 0x0000000084d00000, 0x0000000084c00000| Untracked 
|  77|0x0000000084d00000, 0x0000000084e00000, 0x0000000084e00000|100%| O|  |TAMS 0x0000000084e00000, 0x0000000084d00000| Untracked 
|  78|0x0000000084e00000, 0x0000000084f00000, 0x0000000084f00000|100%| O|  |TAMS 0x0000000084f00000, 0x0000000084e00000| Untracked 
|  79|0x0000000084f00000, 0x0000000085000000, 0x0000000085000000|100%| O|  |TAMS 0x0000000085000000, 0x0000000084f00000| Untracked 
|  80|0x0000000085000000, 0x0000000085100000, 0x0000000085100000|100%| O|  |TAMS 0x0000000085100000, 0x0000000085000000| Untracked 
|  81|0x0000000085100000, 0x0000000085200000, 0x0000000085200000|100%| O|  |TAMS 0x0000000085200000, 0x0000000085100000| Untracked 
|  82|0x0000000085200000, 0x0000000085300000, 0x0000000085300000|100%| O|  |TAMS 0x0000000085300000, 0x0000000085200000| Untracked 
|  83|0x0000000085300000, 0x0000000085400000, 0x0000000085400000|100%| O|  |TAMS 0x0000000085400000, 0x0000000085300000| Untracked 
|  84|0x0000000085400000, 0x0000000085500000, 0x0000000085500000|100%| O|  |TAMS 0x0000000085500000, 0x0000000085400000| Untracked 
|  85|0x0000000085500000, 0x0000000085600000, 0x0000000085600000|100%| O|  |TAMS 0x0000000085600000, 0x0000000085500000| Untracked 
|  86|0x0000000085600000, 0x0000000085700000, 0x0000000085700000|100%| O|  |TAMS 0x0000000085700000, 0x0000000085600000| Untracked 
|  87|0x0000000085700000, 0x0000000085800000, 0x0000000085800000|100%|HS|  |TAMS 0x0000000085800000, 0x0000000085700000| Complete 
|  88|0x0000000085800000, 0x0000000085900000, 0x0000000085900000|100%|HC|  |TAMS 0x0000000085900000, 0x0000000085800000| Complete 
|  89|0x0000000085900000, 0x0000000085a00000, 0x0000000085a00000|100%|HC|  |TAMS 0x0000000085a00000, 0x0000000085900000| Complete 
|  90|0x0000000085a00000, 0x0000000085b00000, 0x0000000085b00000|100%|HS|  |TAMS 0x0000000085b00000, 0x0000000085a00000| Complete 
|  91|0x0000000085b00000, 0x0000000085c00000, 0x0000000085c00000|100%|HC|  |TAMS 0x0000000085c00000, 0x0000000085b00000| Complete 
|  92|0x0000000085c00000, 0x0000000085d00000, 0x0000000085d00000|100%| O|  |TAMS 0x0000000085d00000, 0x0000000085c00000| Untracked 
|  93|0x0000000085d00000, 0x0000000085e00000, 0x0000000085e00000|100%| O|  |TAMS 0x0000000085e00000, 0x0000000085d00000| Untracked 
|  94|0x0000000085e00000, 0x0000000085f00000, 0x0000000085f00000|100%| O|  |TAMS 0x0000000085f00000, 0x0000000085e00000| Untracked 
|  95|0x0000000085f00000, 0x0000000086000000, 0x0000000086000000|100%| O|  |TAMS 0x0000000086000000, 0x0000000085f00000| Untracked 
|  96|0x0000000086000000, 0x0000000086100000, 0x0000000086100000|100%| O|  |TAMS 0x0000000086100000, 0x0000000086000000| Untracked 
|  97|0x0000000086100000, 0x0000000086200000, 0x0000000086200000|100%| O|  |TAMS 0x0000000086200000, 0x0000000086100000| Untracked 
|  98|0x0000000086200000, 0x0000000086300000, 0x0000000086300000|100%| O|  |TAMS 0x0000000086300000, 0x0000000086200000| Untracked 
|  99|0x0000000086300000, 0x0000000086400000, 0x0000000086400000|100%| O|  |TAMS 0x0000000086400000, 0x0000000086300000| Untracked 
| 100|0x0000000086400000, 0x0000000086500000, 0x0000000086500000|100%|HS|  |TAMS 0x0000000086500000, 0x0000000086400000| Complete 
| 101|0x0000000086500000, 0x0000000086600000, 0x0000000086600000|100%|HS|  |TAMS 0x0000000086600000, 0x0000000086500000| Complete 
| 102|0x0000000086600000, 0x0000000086700000, 0x0000000086700000|100%|HS|  |TAMS 0x0000000086700000, 0x0000000086600000| Complete 
| 103|0x0000000086700000, 0x0000000086800000, 0x0000000086800000|100%|HC|  |TAMS 0x0000000086800000, 0x0000000086700000| Complete 
| 104|0x0000000086800000, 0x0000000086900000, 0x0000000086900000|100%|HC|  |TAMS 0x0000000086900000, 0x0000000086800000| Complete 
| 105|0x0000000086900000, 0x0000000086a00000, 0x0000000086a00000|100%| O|  |TAMS 0x0000000086a00000, 0x0000000086900000| Untracked 
| 106|0x0000000086a00000, 0x0000000086b00000, 0x0000000086b00000|100%| O|  |TAMS 0x0000000086b00000, 0x0000000086a00000| Untracked 
| 107|0x0000000086b00000, 0x0000000086c00000, 0x0000000086c00000|100%| O|  |TAMS 0x0000000086c00000, 0x0000000086b00000| Untracked 
| 108|0x0000000086c00000, 0x0000000086d00000, 0x0000000086d00000|100%| O|  |TAMS 0x0000000086d00000, 0x0000000086c00000| Untracked 
| 109|0x0000000086d00000, 0x0000000086e00000, 0x0000000086e00000|100%| O|  |TAMS 0x0000000086e00000, 0x0000000086d00000| Untracked 
| 110|0x0000000086e00000, 0x0000000086f00000, 0x0000000086f00000|100%| O|  |TAMS 0x0000000086f00000, 0x0000000086e00000| Untracked 
| 111|0x0000000086f00000, 0x0000000087000000, 0x0000000087000000|100%| O|  |TAMS 0x0000000087000000, 0x0000000086f00000| Untracked 
| 112|0x0000000087000000, 0x0000000087100000, 0x0000000087100000|100%| O|  |TAMS 0x0000000087000000, 0x0000000087000000| Untracked 
| 113|0x0000000087100000, 0x0000000087200000, 0x0000000087200000|100%| O|  |TAMS 0x0000000087100000, 0x0000000087100000| Untracked 
| 114|0x0000000087200000, 0x0000000087300000, 0x0000000087300000|100%| O|  |TAMS 0x0000000087200000, 0x0000000087200000| Untracked 
| 115|0x0000000087300000, 0x0000000087400000, 0x0000000087400000|100%|HS|  |TAMS 0x0000000087300000, 0x0000000087300000| Complete 
| 116|0x0000000087400000, 0x0000000087500000, 0x0000000087500000|100%|HS|  |TAMS 0x0000000087400000, 0x0000000087400000| Complete 
| 117|0x0000000087500000, 0x0000000087600000, 0x0000000087600000|100%| O|  |TAMS 0x0000000087500000, 0x0000000087500000| Untracked 
| 118|0x0000000087600000, 0x0000000087700000, 0x0000000087700000|100%| O|  |TAMS 0x0000000087600000, 0x0000000087600000| Untracked 
| 119|0x0000000087700000, 0x0000000087800000, 0x0000000087800000|100%| O|  |TAMS 0x0000000087700000, 0x0000000087700000| Untracked 
| 120|0x0000000087800000, 0x0000000087900000, 0x0000000087900000|100%| O|  |TAMS 0x0000000087800000, 0x0000000087800000| Untracked 
| 121|0x0000000087900000, 0x0000000087a00000, 0x0000000087a00000|100%| O|  |TAMS 0x0000000087900000, 0x0000000087900000| Untracked 
| 122|0x0000000087a00000, 0x0000000087b00000, 0x0000000087b00000|100%| O|  |TAMS 0x0000000087a00000, 0x0000000087a00000| Untracked 
| 123|0x0000000087b00000, 0x0000000087c00000, 0x0000000087c00000|100%| O|  |TAMS 0x0000000087b00000, 0x0000000087b00000| Untracked 
| 124|0x0000000087c00000, 0x0000000087d00000, 0x0000000087d00000|100%| O|  |TAMS 0x0000000087c00000, 0x0000000087c00000| Untracked 
| 125|0x0000000087d00000, 0x0000000087e00000, 0x0000000087e00000|100%| O|  |TAMS 0x0000000087d00000, 0x0000000087d00000| Untracked 
| 126|0x0000000087e00000, 0x0000000087f00000, 0x0000000087f00000|100%|HS|  |TAMS 0x0000000087e00000, 0x0000000087e00000| Complete 
| 127|0x0000000087f00000, 0x0000000088000000, 0x0000000088000000|100%| O|  |TAMS 0x0000000087f00000, 0x0000000087f00000| Untracked 
| 128|0x0000000088000000, 0x0000000088100000, 0x0000000088100000|100%| O|  |TAMS 0x0000000088000000, 0x0000000088000000| Untracked 
| 129|0x0000000088100000, 0x0000000088200000, 0x0000000088200000|100%| O|  |TAMS 0x0000000088100000, 0x0000000088100000| Untracked 
| 130|0x0000000088200000, 0x0000000088300000, 0x0000000088300000|100%| O|  |TAMS 0x0000000088200000, 0x0000000088200000| Untracked 
| 131|0x0000000088300000, 0x0000000088400000, 0x0000000088400000|100%| O|  |TAMS 0x0000000088300000, 0x0000000088300000| Untracked 
| 132|0x0000000088400000, 0x0000000088500000, 0x0000000088500000|100%| O|  |TAMS 0x0000000088400000, 0x0000000088400000| Untracked 
| 133|0x0000000088500000, 0x0000000088600000, 0x0000000088600000|100%| O|  |TAMS 0x0000000088500000, 0x0000000088500000| Untracked 
| 134|0x0000000088600000, 0x0000000088700000, 0x0000000088700000|100%| O|  |TAMS 0x0000000088600000, 0x0000000088600000| Untracked 
| 135|0x0000000088700000, 0x0000000088800000, 0x0000000088800000|100%| O|  |TAMS 0x0000000088700000, 0x0000000088700000| Untracked 
| 136|0x0000000088800000, 0x0000000088900000, 0x0000000088900000|100%| O|  |TAMS 0x0000000088800000, 0x0000000088800000| Untracked 
| 137|0x0000000088900000, 0x0000000088a00000, 0x0000000088a00000|100%| O|  |TAMS 0x0000000088900000, 0x0000000088900000| Untracked 
| 138|0x0000000088a00000, 0x0000000088b00000, 0x0000000088b00000|100%| O|  |TAMS 0x0000000088a00000, 0x0000000088a00000| Untracked 
| 139|0x0000000088b00000, 0x0000000088c00000, 0x0000000088c00000|100%| O|  |TAMS 0x0000000088b00000, 0x0000000088b00000| Untracked 
| 140|0x0000000088c00000, 0x0000000088d00000, 0x0000000088d00000|100%| O|  |TAMS 0x0000000088c00000, 0x0000000088c00000| Untracked 
| 141|0x0000000088d00000, 0x0000000088e00000, 0x0000000088e00000|100%| O|  |TAMS 0x0000000088d00000, 0x0000000088d00000| Untracked 
| 142|0x0000000088e00000, 0x0000000088f00000, 0x0000000088f00000|100%| O|  |TAMS 0x0000000088e00000, 0x0000000088e00000| Untracked 
| 143|0x0000000088f00000, 0x0000000089000000, 0x0000000089000000|100%| O|  |TAMS 0x0000000088f00000, 0x0000000088f00000| Untracked 
| 144|0x0000000089000000, 0x0000000089100000, 0x0000000089100000|100%| O|  |TAMS 0x0000000089000000, 0x0000000089000000| Untracked 
| 145|0x0000000089100000, 0x0000000089200000, 0x0000000089200000|100%| O|  |TAMS 0x0000000089100000, 0x0000000089100000| Untracked 
| 146|0x0000000089200000, 0x0000000089300000, 0x0000000089300000|100%| O|  |TAMS 0x0000000089200000, 0x0000000089200000| Untracked 
| 147|0x0000000089300000, 0x0000000089400000, 0x0000000089400000|100%| O|  |TAMS 0x0000000089300000, 0x0000000089300000| Untracked 
| 148|0x0000000089400000, 0x0000000089500000, 0x0000000089500000|100%| O|  |TAMS 0x0000000089400000, 0x0000000089400000| Untracked 
| 149|0x0000000089500000, 0x0000000089600000, 0x0000000089600000|100%| O|  |TAMS 0x0000000089500000, 0x0000000089500000| Untracked 
| 150|0x0000000089600000, 0x0000000089700000, 0x0000000089700000|100%| O|  |TAMS 0x0000000089600000, 0x0000000089600000| Untracked 
| 151|0x0000000089700000, 0x0000000089800000, 0x0000000089800000|100%| O|  |TAMS 0x0000000089700000, 0x0000000089700000| Untracked 
| 152|0x0000000089800000, 0x0000000089900000, 0x0000000089900000|100%| O|  |TAMS 0x0000000089800000, 0x0000000089800000| Untracked 
| 153|0x0000000089900000, 0x0000000089a00000, 0x0000000089a00000|100%| O|  |TAMS 0x0000000089900000, 0x0000000089900000| Untracked 
| 154|0x0000000089a00000, 0x0000000089af4a00, 0x0000000089b00000| 95%| O|  |TAMS 0x0000000089a00000, 0x0000000089a00000| Untracked 
| 155|0x0000000089b00000, 0x0000000089b00000, 0x0000000089c00000|  0%| F|  |TAMS 0x0000000089b00000, 0x0000000089b00000| Untracked 
| 156|0x0000000089c00000, 0x0000000089c00000, 0x0000000089d00000|  0%| F|  |TAMS 0x0000000089c00000, 0x0000000089c00000| Untracked 
| 157|0x0000000089d00000, 0x0000000089d00000, 0x0000000089e00000|  0%| F|  |TAMS 0x0000000089d00000, 0x0000000089d00000| Untracked 
| 158|0x0000000089e00000, 0x0000000089e00000, 0x0000000089f00000|  0%| F|  |TAMS 0x0000000089e00000, 0x0000000089e00000| Untracked 
| 159|0x0000000089f00000, 0x0000000089f00000, 0x000000008a000000|  0%| F|  |TAMS 0x0000000089f00000, 0x0000000089f00000| Untracked 
| 160|0x000000008a000000, 0x000000008a000000, 0x000000008a100000|  0%| F|  |TAMS 0x000000008a000000, 0x000000008a000000| Untracked 
| 161|0x000000008a100000, 0x000000008a100000, 0x000000008a200000|  0%| F|  |TAMS 0x000000008a100000, 0x000000008a100000| Untracked 
| 162|0x000000008a200000, 0x000000008a200000, 0x000000008a300000|  0%| F|  |TAMS 0x000000008a200000, 0x000000008a200000| Untracked 
| 163|0x000000008a300000, 0x000000008a300000, 0x000000008a400000|  0%| F|  |TAMS 0x000000008a300000, 0x000000008a300000| Untracked 
| 164|0x000000008a400000, 0x000000008a400000, 0x000000008a500000|  0%| F|  |TAMS 0x000000008a400000, 0x000000008a400000| Untracked 
| 165|0x000000008a500000, 0x000000008a500000, 0x000000008a600000|  0%| F|  |TAMS 0x000000008a500000, 0x000000008a500000| Untracked 
| 166|0x000000008a600000, 0x000000008a600000, 0x000000008a700000|  0%| F|  |TAMS 0x000000008a600000, 0x000000008a600000| Untracked 
| 167|0x000000008a700000, 0x000000008a700000, 0x000000008a800000|  0%| F|  |TAMS 0x000000008a700000, 0x000000008a700000| Untracked 
| 168|0x000000008a800000, 0x000000008a800000, 0x000000008a900000|  0%| F|  |TAMS 0x000000008a800000, 0x000000008a800000| Untracked 
| 169|0x000000008a900000, 0x000000008a900000, 0x000000008aa00000|  0%| F|  |TAMS 0x000000008a900000, 0x000000008a900000| Untracked 
| 170|0x000000008aa00000, 0x000000008aa00000, 0x000000008ab00000|  0%| F|  |TAMS 0x000000008aa00000, 0x000000008aa00000| Untracked 
| 171|0x000000008ab00000, 0x000000008ab00000, 0x000000008ac00000|  0%| F|  |TAMS 0x000000008ab00000, 0x000000008ab00000| Untracked 
| 172|0x000000008ac00000, 0x000000008ac00000, 0x000000008ad00000|  0%| F|  |TAMS 0x000000008ac00000, 0x000000008ac00000| Untracked 
| 173|0x000000008ad00000, 0x000000008ad00000, 0x000000008ae00000|  0%| F|  |TAMS 0x000000008ad00000, 0x000000008ad00000| Untracked 
| 174|0x000000008ae00000, 0x000000008ae00000, 0x000000008af00000|  0%| F|  |TAMS 0x000000008ae00000, 0x000000008ae00000| Untracked 
| 175|0x000000008af00000, 0x000000008af00000, 0x000000008b000000|  0%| F|  |TAMS 0x000000008af00000, 0x000000008af00000| Untracked 
| 176|0x000000008b000000, 0x000000008b000000, 0x000000008b100000|  0%| F|  |TAMS 0x000000008b000000, 0x000000008b000000| Untracked 
| 177|0x000000008b100000, 0x000000008b100000, 0x000000008b200000|  0%| F|  |TAMS 0x000000008b100000, 0x000000008b100000| Untracked 
| 178|0x000000008b200000, 0x000000008b200000, 0x000000008b300000|  0%| F|  |TAMS 0x000000008b200000, 0x000000008b200000| Untracked 
| 179|0x000000008b300000, 0x000000008b300000, 0x000000008b400000|  0%| F|  |TAMS 0x000000008b300000, 0x000000008b300000| Untracked 
| 180|0x000000008b400000, 0x000000008b400000, 0x000000008b500000|  0%| F|  |TAMS 0x000000008b400000, 0x000000008b400000| Untracked 
| 181|0x000000008b500000, 0x000000008b500000, 0x000000008b600000|  0%| F|  |TAMS 0x000000008b500000, 0x000000008b500000| Untracked 
| 182|0x000000008b600000, 0x000000008b600000, 0x000000008b700000|  0%| F|  |TAMS 0x000000008b600000, 0x000000008b600000| Untracked 
| 183|0x000000008b700000, 0x000000008b700000, 0x000000008b800000|  0%| F|  |TAMS 0x000000008b700000, 0x000000008b700000| Untracked 
| 184|0x000000008b800000, 0x000000008b800000, 0x000000008b900000|  0%| F|  |TAMS 0x000000008b800000, 0x000000008b800000| Untracked 
| 185|0x000000008b900000, 0x000000008b900000, 0x000000008ba00000|  0%| F|  |TAMS 0x000000008b900000, 0x000000008b900000| Untracked 
| 186|0x000000008ba00000, 0x000000008ba00000, 0x000000008bb00000|  0%| F|  |TAMS 0x000000008ba00000, 0x000000008ba00000| Untracked 
| 187|0x000000008bb00000, 0x000000008bb00000, 0x000000008bc00000|  0%| F|  |TAMS 0x000000008bb00000, 0x000000008bb00000| Untracked 
| 188|0x000000008bc00000, 0x000000008bc00000, 0x000000008bd00000|  0%| F|  |TAMS 0x000000008bc00000, 0x000000008bc00000| Untracked 
| 189|0x000000008bd00000, 0x000000008bd00000, 0x000000008be00000|  0%| F|  |TAMS 0x000000008bd00000, 0x000000008bd00000| Untracked 
| 190|0x000000008be00000, 0x000000008be00000, 0x000000008bf00000|  0%| F|  |TAMS 0x000000008be00000, 0x000000008be00000| Untracked 
| 191|0x000000008bf00000, 0x000000008bf00000, 0x000000008c000000|  0%| F|  |TAMS 0x000000008bf00000, 0x000000008bf00000| Untracked 
| 192|0x000000008c000000, 0x000000008c000000, 0x000000008c100000|  0%| F|  |TAMS 0x000000008c000000, 0x000000008c000000| Untracked 
| 193|0x000000008c100000, 0x000000008c100000, 0x000000008c200000|  0%| F|  |TAMS 0x000000008c100000, 0x000000008c100000| Untracked 
| 194|0x000000008c200000, 0x000000008c200000, 0x000000008c300000|  0%| F|  |TAMS 0x000000008c200000, 0x000000008c200000| Untracked 
| 195|0x000000008c300000, 0x000000008c300000, 0x000000008c400000|  0%| F|  |TAMS 0x000000008c300000, 0x000000008c300000| Untracked 
| 196|0x000000008c400000, 0x000000008c400000, 0x000000008c500000|  0%| F|  |TAMS 0x000000008c400000, 0x000000008c400000| Untracked 
| 197|0x000000008c500000, 0x000000008c500000, 0x000000008c600000|  0%| F|  |TAMS 0x000000008c500000, 0x000000008c500000| Untracked 
| 198|0x000000008c600000, 0x000000008c600000, 0x000000008c700000|  0%| F|  |TAMS 0x000000008c600000, 0x000000008c600000| Untracked 
| 199|0x000000008c700000, 0x000000008c700000, 0x000000008c800000|  0%| F|  |TAMS 0x000000008c700000, 0x000000008c700000| Untracked 
| 200|0x000000008c800000, 0x000000008c800000, 0x000000008c900000|  0%| F|  |TAMS 0x000000008c800000, 0x000000008c800000| Untracked 
| 201|0x000000008c900000, 0x000000008c900000, 0x000000008ca00000|  0%| F|  |TAMS 0x000000008c900000, 0x000000008c900000| Untracked 
| 202|0x000000008ca00000, 0x000000008ca00000, 0x000000008cb00000|  0%| F|  |TAMS 0x000000008ca00000, 0x000000008ca00000| Untracked 
| 203|0x000000008cb00000, 0x000000008cb00000, 0x000000008cc00000|  0%| F|  |TAMS 0x000000008cb00000, 0x000000008cb00000| Untracked 
| 204|0x000000008cc00000, 0x000000008cc00000, 0x000000008cd00000|  0%| F|  |TAMS 0x000000008cc00000, 0x000000008cc00000| Untracked 
| 205|0x000000008cd00000, 0x000000008cd00000, 0x000000008ce00000|  0%| F|  |TAMS 0x000000008cd00000, 0x000000008cd00000| Untracked 
| 206|0x000000008ce00000, 0x000000008ce00000, 0x000000008cf00000|  0%| F|  |TAMS 0x000000008ce00000, 0x000000008ce00000| Untracked 
| 207|0x000000008cf00000, 0x000000008cf50f60, 0x000000008d000000| 31%| S|CS|TAMS 0x000000008cf00000, 0x000000008cf00000| Complete 
| 208|0x000000008d000000, 0x000000008d100000, 0x000000008d100000|100%| S|CS|TAMS 0x000000008d000000, 0x000000008d000000| Complete 
| 209|0x000000008d100000, 0x000000008d200000, 0x000000008d200000|100%| S|CS|TAMS 0x000000008d100000, 0x000000008d100000| Complete 
| 210|0x000000008d200000, 0x000000008d300000, 0x000000008d300000|100%| S|CS|TAMS 0x000000008d200000, 0x000000008d200000| Complete 
| 211|0x000000008d300000, 0x000000008d400000, 0x000000008d400000|100%| S|CS|TAMS 0x000000008d300000, 0x000000008d300000| Complete 
| 212|0x000000008d400000, 0x000000008d400000, 0x000000008d500000|  0%| F|  |TAMS 0x000000008d400000, 0x000000008d400000| Untracked 
| 213|0x000000008d500000, 0x000000008d500000, 0x000000008d600000|  0%| F|  |TAMS 0x000000008d500000, 0x000000008d500000| Untracked 
| 214|0x000000008d600000, 0x000000008d600000, 0x000000008d700000|  0%| F|  |TAMS 0x000000008d600000, 0x000000008d600000| Untracked 
| 215|0x000000008d700000, 0x000000008d700000, 0x000000008d800000|  0%| F|  |TAMS 0x000000008d700000, 0x000000008d700000| Untracked 
| 216|0x000000008d800000, 0x000000008d800000, 0x000000008d900000|  0%| F|  |TAMS 0x000000008d800000, 0x000000008d800000| Untracked 
| 217|0x000000008d900000, 0x000000008d900000, 0x000000008da00000|  0%| F|  |TAMS 0x000000008d900000, 0x000000008d900000| Untracked 
| 218|0x000000008da00000, 0x000000008da00000, 0x000000008db00000|  0%| F|  |TAMS 0x000000008da00000, 0x000000008da00000| Untracked 
| 219|0x000000008db00000, 0x000000008db00000, 0x000000008dc00000|  0%| F|  |TAMS 0x000000008db00000, 0x000000008db00000| Untracked 
| 220|0x000000008dc00000, 0x000000008dc00000, 0x000000008dd00000|  0%| F|  |TAMS 0x000000008dc00000, 0x000000008dc00000| Untracked 
| 221|0x000000008dd00000, 0x000000008dd00000, 0x000000008de00000|  0%| F|  |TAMS 0x000000008dd00000, 0x000000008dd00000| Untracked 
| 222|0x000000008de00000, 0x000000008de00000, 0x000000008df00000|  0%| F|  |TAMS 0x000000008de00000, 0x000000008de00000| Untracked 
| 223|0x000000008df00000, 0x000000008df00000, 0x000000008e000000|  0%| F|  |TAMS 0x000000008df00000, 0x000000008df00000| Untracked 
| 224|0x000000008e000000, 0x000000008e000000, 0x000000008e100000|  0%| F|  |TAMS 0x000000008e000000, 0x000000008e000000| Untracked 
| 225|0x000000008e100000, 0x000000008e100000, 0x000000008e200000|  0%| F|  |TAMS 0x000000008e100000, 0x000000008e100000| Untracked 
| 226|0x000000008e200000, 0x000000008e200000, 0x000000008e300000|  0%| F|  |TAMS 0x000000008e200000, 0x000000008e200000| Untracked 
| 227|0x000000008e300000, 0x000000008e300000, 0x000000008e400000|  0%| F|  |TAMS 0x000000008e300000, 0x000000008e300000| Untracked 
| 228|0x000000008e400000, 0x000000008e400000, 0x000000008e500000|  0%| F|  |TAMS 0x000000008e400000, 0x000000008e400000| Untracked 
| 229|0x000000008e500000, 0x000000008e500000, 0x000000008e600000|  0%| F|  |TAMS 0x000000008e500000, 0x000000008e500000| Untracked 
| 230|0x000000008e600000, 0x000000008e600000, 0x000000008e700000|  0%| F|  |TAMS 0x000000008e600000, 0x000000008e600000| Untracked 
| 231|0x000000008e700000, 0x000000008e700000, 0x000000008e800000|  0%| F|  |TAMS 0x000000008e700000, 0x000000008e700000| Untracked 
| 232|0x000000008e800000, 0x000000008e800000, 0x000000008e900000|  0%| F|  |TAMS 0x000000008e800000, 0x000000008e800000| Untracked 
| 233|0x000000008e900000, 0x000000008e900000, 0x000000008ea00000|  0%| F|  |TAMS 0x000000008e900000, 0x000000008e900000| Untracked 
| 234|0x000000008ea00000, 0x000000008ea00000, 0x000000008eb00000|  0%| F|  |TAMS 0x000000008ea00000, 0x000000008ea00000| Untracked 
| 235|0x000000008eb00000, 0x000000008eb00000, 0x000000008ec00000|  0%| F|  |TAMS 0x000000008eb00000, 0x000000008eb00000| Untracked 
| 236|0x000000008ec00000, 0x000000008ec00000, 0x000000008ed00000|  0%| F|  |TAMS 0x000000008ec00000, 0x000000008ec00000| Untracked 
| 237|0x000000008ed00000, 0x000000008ed00000, 0x000000008ee00000|  0%| F|  |TAMS 0x000000008ed00000, 0x000000008ed00000| Untracked 
| 238|0x000000008ee00000, 0x000000008ee00000, 0x000000008ef00000|  0%| F|  |TAMS 0x000000008ee00000, 0x000000008ee00000| Untracked 
| 239|0x000000008ef00000, 0x000000008ef00000, 0x000000008f000000|  0%| F|  |TAMS 0x000000008ef00000, 0x000000008ef00000| Untracked 
| 240|0x000000008f000000, 0x000000008f000000, 0x000000008f100000|  0%| F|  |TAMS 0x000000008f000000, 0x000000008f000000| Untracked 
| 241|0x000000008f100000, 0x000000008f100000, 0x000000008f200000|  0%| F|  |TAMS 0x000000008f100000, 0x000000008f100000| Untracked 
| 242|0x000000008f200000, 0x000000008f200000, 0x000000008f300000|  0%| F|  |TAMS 0x000000008f200000, 0x000000008f200000| Untracked 
| 243|0x000000008f300000, 0x000000008f300000, 0x000000008f400000|  0%| F|  |TAMS 0x000000008f300000, 0x000000008f300000| Untracked 
| 244|0x000000008f400000, 0x000000008f4dc430, 0x000000008f500000| 86%| E|  |TAMS 0x000000008f400000, 0x000000008f400000| Complete 
| 245|0x000000008f500000, 0x000000008f600000, 0x000000008f600000|100%| E|CS|TAMS 0x000000008f500000, 0x000000008f500000| Complete 
| 246|0x000000008f600000, 0x000000008f700000, 0x000000008f700000|100%| E|CS|TAMS 0x000000008f600000, 0x000000008f600000| Complete 
| 247|0x000000008f700000, 0x000000008f800000, 0x000000008f800000|100%| E|CS|TAMS 0x000000008f700000, 0x000000008f700000| Complete 
| 248|0x000000008f800000, 0x000000008f900000, 0x000000008f900000|100%| E|CS|TAMS 0x000000008f800000, 0x000000008f800000| Complete 
| 249|0x000000008f900000, 0x000000008fa00000, 0x000000008fa00000|100%| E|CS|TAMS 0x000000008f900000, 0x000000008f900000| Complete 
| 250|0x000000008fa00000, 0x000000008fb00000, 0x000000008fb00000|100%| E|CS|TAMS 0x000000008fa00000, 0x000000008fa00000| Complete 
| 251|0x000000008fb00000, 0x000000008fc00000, 0x000000008fc00000|100%| E|CS|TAMS 0x000000008fb00000, 0x000000008fb00000| Complete 
| 252|0x000000008fc00000, 0x000000008fd00000, 0x000000008fd00000|100%| E|CS|TAMS 0x000000008fc00000, 0x000000008fc00000| Complete 
| 253|0x000000008fd00000, 0x000000008fe00000, 0x000000008fe00000|100%| E|CS|TAMS 0x000000008fd00000, 0x000000008fd00000| Complete 
| 254|0x000000008fe00000, 0x000000008ff00000, 0x000000008ff00000|100%| E|CS|TAMS 0x000000008fe00000, 0x000000008fe00000| Complete 
| 255|0x000000008ff00000, 0x0000000090000000, 0x0000000090000000|100%| E|CS|TAMS 0x000000008ff00000, 0x000000008ff00000| Complete 
| 256|0x0000000090000000, 0x0000000090100000, 0x0000000090100000|100%| E|CS|TAMS 0x0000000090000000, 0x0000000090000000| Complete 
| 257|0x0000000090100000, 0x0000000090200000, 0x0000000090200000|100%| E|CS|TAMS 0x0000000090100000, 0x0000000090100000| Complete 
| 258|0x0000000090200000, 0x0000000090300000, 0x0000000090300000|100%| E|CS|TAMS 0x0000000090200000, 0x0000000090200000| Complete 
| 259|0x0000000090300000, 0x0000000090400000, 0x0000000090400000|100%| E|CS|TAMS 0x0000000090300000, 0x0000000090300000| Complete 
| 260|0x0000000090400000, 0x0000000090500000, 0x0000000090500000|100%| E|CS|TAMS 0x0000000090400000, 0x0000000090400000| Complete 
| 261|0x0000000090500000, 0x0000000090600000, 0x0000000090600000|100%| E|CS|TAMS 0x0000000090500000, 0x0000000090500000| Complete 
| 262|0x0000000090600000, 0x0000000090700000, 0x0000000090700000|100%| E|CS|TAMS 0x0000000090600000, 0x0000000090600000| Complete 
| 263|0x0000000090700000, 0x0000000090800000, 0x0000000090800000|100%| E|CS|TAMS 0x0000000090700000, 0x0000000090700000| Complete 
| 264|0x0000000090800000, 0x0000000090900000, 0x0000000090900000|100%| E|CS|TAMS 0x0000000090800000, 0x0000000090800000| Complete 
| 265|0x0000000090900000, 0x0000000090a00000, 0x0000000090a00000|100%| E|CS|TAMS 0x0000000090900000, 0x0000000090900000| Complete 
| 266|0x0000000090a00000, 0x0000000090b00000, 0x0000000090b00000|100%| E|CS|TAMS 0x0000000090a00000, 0x0000000090a00000| Complete 

Card table byte_map: [0x000002b1c50e0000,0x000002b1c54e0000] _byte_map_base: 0x000002b1c4ce0000

Marking Bits (Prev, Next): (CMBitMap*) 0x000002b1ae6678f0, (CMBitMap*) 0x000002b1ae6678b8
 Prev Bits: [0x000002b1c78e0000, 0x000002b1c98e0000)
 Next Bits: [0x000002b1c58e0000, 0x000002b1c78e0000)

Polling page: 0x000002b1ac500000

Metaspace:

Usage:
  Non-class:     93.35 MB capacity,    90.85 MB ( 97%) used,     2.19 MB (  2%) free+waste,   318.81 KB ( <1%) overhead. 
      Class:     15.31 MB capacity,    13.76 MB ( 90%) used,     1.40 MB (  9%) free+waste,   153.00 KB ( <1%) overhead. 
       Both:    108.66 MB capacity,   104.62 MB ( 96%) used,     3.59 MB (  3%) free+waste,   471.81 KB ( <1%) overhead. 

Virtual space:
  Non-class space:       94.00 MB reserved,      93.37 MB (>99%) committed 
      Class space:      504.00 MB reserved,      15.32 MB (  3%) committed 
             Both:      598.00 MB reserved,     108.70 MB ( 18%) committed 

Chunk freelists:
   Non-Class:  2.38 KB
       Class:  384 bytes
        Both:  2.75 KB

CodeHeap 'non-profiled nmethods': size=120064Kb used=6404Kb max_used=6404Kb free=113659Kb
 bounds [0x000002b1bd7a0000, 0x000002b1bddf0000, 0x000002b1c4ce0000]
CodeHeap 'profiled nmethods': size=120000Kb used=27259Kb max_used=27259Kb free=92740Kb
 bounds [0x000002b1b6270000, 0x000002b1b7d10000, 0x000002b1bd7a0000]
CodeHeap 'non-nmethods': size=5696Kb used=2305Kb max_used=2357Kb free=3390Kb
 bounds [0x000002b1b5ce0000, 0x000002b1b5f50000, 0x000002b1b6270000]
 total_blobs=14362 nmethods=13442 adapters=831
 compilation: enabled
              stopped_count=0, restarted_count=0
 full_count=0

Compilation events (10 events):
Event: 83.311 Thread 0x000002b1cbe02000 nmethod 13810 0x000002b1bdddff10 code [0x000002b1bdde00a0, 0x000002b1bdde03f8]
Event: 83.311 Thread 0x000002b1cbe02000 13830       4       com.google.common.cache.LocalCache$LoadingValueReference::get (10 bytes)
Event: 83.311 Thread 0x000002b1cbe02000 nmethod 13830 0x000002b1bdde0610 code [0x000002b1bdde07a0, 0x000002b1bdde0838]
Event: 83.312 Thread 0x000002b1cbe02000 13771       4       org.gradle.api.internal.file.pattern.FixedPatternStep::matches (27 bytes)
Event: 83.314 Thread 0x000002b1cbe02000 nmethod 13771 0x000002b1bdde0910 code [0x000002b1bdde0aa0, 0x000002b1bdde0c78]
Event: 83.314 Thread 0x000002b1cbe02000 13826       4       com.google.common.cache.LocalCache$LocalManualCache$1::load (10 bytes)
Event: 83.315 Thread 0x000002b1cbe02000 nmethod 13826 0x000002b1bdde0d90 code [0x000002b1bdde0f00, 0x000002b1bdde0f98]
Event: 83.315 Thread 0x000002b1cbe02000 13827   !   4       java.nio.file.FileTreeWalker::next (144 bytes)
Event: 83.315 Thread 0x000002b1cc761800 13833       3       org.gradle.api.internal.file.RelativePathSpec::isSatisfiedBy (9 bytes)
Event: 83.316 Thread 0x000002b1cc761800 nmethod 13833 0x000002b1b7d0e810 code [0x000002b1b7d0e9e0, 0x000002b1b7d0ee38]

GC Heap History (10 events):
Event: 77.486 GC heap before
{Heap before GC invocations=57 (full 0):
 garbage-first heap   total 227328K, used 177536K [0x0000000080000000, 0x0000000100000000)
  region size 1024K, 39 young (39936K), 5 survivors (5120K)
 Metaspace       used 100339K, capacity 104416K, committed 104520K, reserved 606208K
  class space    used 13222K, capacity 14728K, committed 14796K, reserved 516096K
}
Event: 77.504 GC heap after
{Heap after GC invocations=58 (full 0):
 garbage-first heap   total 227328K, used 147869K [0x0000000080000000, 0x0000000100000000)
  region size 1024K, 5 young (5120K), 5 survivors (5120K)
 Metaspace       used 100339K, capacity 104416K, committed 104520K, reserved 606208K
  class space    used 13222K, capacity 14728K, committed 14796K, reserved 516096K
}
Event: 78.367 GC heap before
{Heap before GC invocations=58 (full 0):
 garbage-first heap   total 227328K, used 180637K [0x0000000080000000, 0x0000000100000000)
  region size 1024K, 37 young (37888K), 5 survivors (5120K)
 Metaspace       used 102822K, capacity 106837K, committed 106952K, reserved 608256K
  class space    used 13608K, capacity 15143K, committed 15180K, reserved 516096K
}
Event: 78.382 GC heap after
{Heap after GC invocations=59 (full 0):
 garbage-first heap   total 227328K, used 150792K [0x0000000080000000, 0x0000000100000000)
  region size 1024K, 3 young (3072K), 3 survivors (3072K)
 Metaspace       used 102822K, capacity 106837K, committed 106952K, reserved 608256K
  class space    used 13608K, capacity 15143K, committed 15180K, reserved 516096K
}
Event: 79.281 GC heap before
{Heap before GC invocations=59 (full 0):
 garbage-first heap   total 227328K, used 183560K [0x0000000080000000, 0x0000000100000000)
  region size 1024K, 35 young (35840K), 3 survivors (3072K)
 Metaspace       used 104212K, capacity 108224K, committed 108360K, reserved 610304K
  class space    used 13751K, capacity 15291K, committed 15308K, reserved 516096K
}
Event: 79.295 GC heap after
{Heap after GC invocations=60 (full 0):
 garbage-first heap   total 273408K, used 154290K [0x0000000080000000, 0x0000000100000000)
  region size 1024K, 5 young (5120K), 5 survivors (5120K)
 Metaspace       used 104212K, capacity 108224K, committed 108360K, reserved 610304K
  class space    used 13751K, capacity 15291K, committed 15308K, reserved 516096K
}
Event: 80.517 GC heap before
{Heap before GC invocations=60 (full 0):
 garbage-first heap   total 273408K, used 203442K [0x0000000080000000, 0x0000000100000000)
  region size 1024K, 53 young (54272K), 5 survivors (5120K)
 Metaspace       used 105748K, capacity 109745K, committed 109896K, reserved 612352K
  class space    used 13922K, capacity 15453K, committed 15564K, reserved 516096K
}
Event: 80.535 GC heap after
{Heap after GC invocations=61 (full 0):
 garbage-first heap   total 273408K, used 158807K [0x0000000080000000, 0x0000000100000000)
  region size 1024K, 7 young (7168K), 7 survivors (7168K)
 Metaspace       used 105748K, capacity 109745K, committed 109896K, reserved 612352K
  class space    used 13922K, capacity 15453K, committed 15564K, reserved 516096K
}
Event: 81.202 GC heap before
{Heap before GC invocations=61 (full 0):
 garbage-first heap   total 273408K, used 207959K [0x0000000080000000, 0x0000000100000000)
  region size 1024K, 55 young (56320K), 7 survivors (7168K)
 Metaspace       used 106979K, capacity 111033K, committed 111304K, reserved 612352K
  class space    used 14071K, capacity 15601K, committed 15692K, reserved 516096K
}
Event: 81.222 GC heap after
{Heap after GC invocations=62 (full 0):
 garbage-first heap   total 273408K, used 163094K [0x0000000080000000, 0x0000000100000000)
  region size 1024K, 5 young (5120K), 5 survivors (5120K)
 Metaspace       used 106979K, capacity 111033K, committed 111304K, reserved 612352K
  class space    used 14071K, capacity 15601K, committed 15692K, reserved 516096K
}

Deoptimization events (10 events):
Event: 81.147 Thread 0x000002b1d3060800 Uncommon trap: reason=bimorphic_or_optimized_type_check action=maybe_recompile pc=0x000002b1bdd33ae0 method=java.util.HashMap.removeNode(ILjava/lang/Object;Ljava/lang/Object;ZZ)Ljava/util/HashMap$Node; @ 283 c2
Event: 81.147 Thread 0x000002b1d3060800 Uncommon trap: reason=bimorphic_or_optimized_type_check action=maybe_recompile pc=0x000002b1bdd33ae0 method=java.util.HashMap.removeNode(ILjava/lang/Object;Ljava/lang/Object;ZZ)Ljava/util/HashMap$Node; @ 283 c2
Event: 81.147 Thread 0x000002b1d3060800 Uncommon trap: reason=bimorphic_or_optimized_type_check action=maybe_recompile pc=0x000002b1bdd33ae0 method=java.util.HashMap.removeNode(ILjava/lang/Object;Ljava/lang/Object;ZZ)Ljava/util/HashMap$Node; @ 283 c2
Event: 81.147 Thread 0x000002b1d3060800 Uncommon trap: reason=bimorphic_or_optimized_type_check action=maybe_recompile pc=0x000002b1bdd33ae0 method=java.util.HashMap.removeNode(ILjava/lang/Object;Ljava/lang/Object;ZZ)Ljava/util/HashMap$Node; @ 283 c2
Event: 81.147 Thread 0x000002b1d3060800 Uncommon trap: reason=bimorphic_or_optimized_type_check action=maybe_recompile pc=0x000002b1bdd403fc method=java.util.HashMap.removeNode(ILjava/lang/Object;Ljava/lang/Object;ZZ)Ljava/util/HashMap$Node; @ 283 c2
Event: 81.296 Thread 0x000002b1d3060800 Uncommon trap: reason=unstable_if action=reinterpret pc=0x000002b1bda2c6c8 method=sun.security.provider.DigestBase.engineUpdate([BII)V @ 1 c2
Event: 81.321 Thread 0x000002b1d3065000 Uncommon trap: reason=bimorphic_or_optimized_type_check action=maybe_recompile pc=0x000002b1bdb0b990 method=org.gradle.api.internal.file.pattern.FixedStepPathMatcher.matches([Ljava/lang/String;I)Z @ 48 c2
Event: 81.321 Thread 0x000002b1d3065000 Uncommon trap: reason=bimorphic_or_optimized_type_check action=maybe_recompile pc=0x000002b1bdb0b990 method=org.gradle.api.internal.file.pattern.FixedStepPathMatcher.matches([Ljava/lang/String;I)Z @ 48 c2
Event: 81.322 Thread 0x000002b1d3065000 Uncommon trap: reason=bimorphic_or_optimized_type_check action=maybe_recompile pc=0x000002b1bdb0b990 method=org.gradle.api.internal.file.pattern.FixedStepPathMatcher.matches([Ljava/lang/String;I)Z @ 48 c2
Event: 81.322 Thread 0x000002b1d3065000 Uncommon trap: reason=bimorphic_or_optimized_type_check action=maybe_recompile pc=0x000002b1bdb0b990 method=org.gradle.api.internal.file.pattern.FixedStepPathMatcher.matches([Ljava/lang/String;I)Z @ 48 c2

Classes redefined (0 events):
No events

Internal exceptions (10 events):
Event: 79.482 Thread 0x000002b1ccc4d000 Exception <a 'sun/nio/fs/WindowsException'{0x00000000902faa80}> (0x00000000902faa80) thrown at [./open/src/hotspot/share/prims/jni.cpp, line 611]
Event: 80.834 Thread 0x000002b1ccc4d000 Implicit null exception at 0x000002b1bdd2c481 to 0x000002b1bdd2f5c0
Event: 81.102 Thread 0x000002b1ccc4d000 Implicit null exception at 0x000002b1bdcd15a5 to 0x000002b1bdcd1c4c
Event: 81.122 Thread 0x000002b1ccc4d000 Exception <a 'java/lang/NoSuchMethodError'{0x000000008deec558}: java.lang.invoke.DirectMethodHandle$Holder.invokeStatic(Ljava/lang/Object;Ljava/lang/Object;Ljava/lang/Object;Ljava/lang/Object;ILjava/lang/Object;Ljava/lang/Object;)V> (0x000000008deec558) t
Event: 81.201 Thread 0x000002b1d3060800 Exception <a 'java/lang/ClassNotFoundException'{0x000000008dbc3fe0}: groovy/util/FileTreeBuilderBeanInfo> (0x000000008dbc3fe0) thrown at [./open/src/hotspot/share/classfile/systemDictionary.cpp, line 226]
Event: 81.223 Thread 0x000002b1d3060800 Exception <a 'java/lang/ClassNotFoundException'{0x0000000090a38670}: groovy/util/FileTreeBuilderCustomizer> (0x0000000090a38670) thrown at [./open/src/hotspot/share/classfile/systemDictionary.cpp, line 226]
Event: 81.233 Thread 0x000002b1d3060800 Exception <a 'java/lang/ClassNotFoundException'{0x0000000090a7c9d0}: java/io/BufferedWriterBeanInfo> (0x0000000090a7c9d0) thrown at [./open/src/hotspot/share/classfile/systemDictionary.cpp, line 226]
Event: 81.233 Thread 0x000002b1d3060800 Exception <a 'java/lang/ClassNotFoundException'{0x0000000090a81f58}: java/io/WriterBeanInfo> (0x0000000090a81f58) thrown at [./open/src/hotspot/share/classfile/systemDictionary.cpp, line 226]
Event: 81.234 Thread 0x000002b1d3060800 Exception <a 'java/lang/ClassNotFoundException'{0x0000000090a87500}: java/io/WriterCustomizer> (0x0000000090a87500) thrown at [./open/src/hotspot/share/classfile/systemDictionary.cpp, line 226]
Event: 81.235 Thread 0x000002b1d3060800 Exception <a 'java/lang/ClassNotFoundException'{0x0000000090a94990}: java/io/BufferedWriterCustomizer> (0x0000000090a94990) thrown at [./open/src/hotspot/share/classfile/systemDictionary.cpp, line 226]

Events (10 events):
Event: 81.321 Thread 0x000002b1d3065000 DEOPT UNPACKING pc=0x000002b1b5d065af sp=0x000000be99ef7640 mode 2
Event: 81.321 Thread 0x000002b1d3065000 Uncommon trap: trap_request=0xffffffc6 fr.pc=0x000002b1bdb0b990 relative=0x00000000000001f0
Event: 81.321 Thread 0x000002b1d3065000 DEOPT PACKING pc=0x000002b1bdb0b990 sp=0x000000be99ef76c0
Event: 81.322 Thread 0x000002b1d3065000 DEOPT UNPACKING pc=0x000002b1b5d065af sp=0x000000be99ef7640 mode 2
Event: 81.322 Thread 0x000002b1d3065000 Uncommon trap: trap_request=0xffffffc6 fr.pc=0x000002b1bdb0b990 relative=0x00000000000001f0
Event: 81.322 Thread 0x000002b1d3065000 DEOPT PACKING pc=0x000002b1bdb0b990 sp=0x000000be99ef76c0
Event: 81.322 Thread 0x000002b1d3065000 DEOPT UNPACKING pc=0x000002b1b5d065af sp=0x000000be99ef7640 mode 2
Event: 81.322 Thread 0x000002b1d3065000 Uncommon trap: trap_request=0xffffffc6 fr.pc=0x000002b1bdb0b990 relative=0x00000000000001f0
Event: 81.322 Thread 0x000002b1d3065000 DEOPT PACKING pc=0x000002b1bdb0b990 sp=0x000000be99ef76c0
Event: 81.322 Thread 0x000002b1d3065000 DEOPT UNPACKING pc=0x000002b1b5d065af sp=0x000000be99ef7640 mode 2


Dynamic libraries:
0x00007ff62d5d0000 - 0x00007ff62d5df000 	C:\Program Files\Java\jdk-11.0.15\bin\java.exe
0x00007ffb6b850000 - 0x00007ffb6ba45000 	C:\WINDOWS\SYSTEM32\ntdll.dll
0x00007ffb6ac60000 - 0x00007ffb6ad1d000 	C:\WINDOWS\System32\KERNEL32.DLL
0x00007ffb69090000 - 0x00007ffb6935d000 	C:\WINDOWS\System32\KERNELBASE.dll
0x00007ffb69360000 - 0x00007ffb69460000 	C:\WINDOWS\System32\ucrtbase.dll
0x00007ffb63300000 - 0x00007ffb63318000 	C:\Program Files\Java\jdk-11.0.15\bin\jli.dll
0x00007ffb6b480000 - 0x00007ffb6b52e000 	C:\WINDOWS\System32\ADVAPI32.dll
0x00007ffb69ac0000 - 0x00007ffb69b5e000 	C:\WINDOWS\System32\msvcrt.dll
0x00007ffb6b530000 - 0x00007ffb6b5cc000 	C:\WINDOWS\System32\sechost.dll
0x00007ffb6b230000 - 0x00007ffb6b355000 	C:\WINDOWS\System32\RPCRT4.dll
0x00007ffb69b60000 - 0x00007ffb69d00000 	C:\WINDOWS\System32\USER32.dll
0x00007ffb69060000 - 0x00007ffb69082000 	C:\WINDOWS\System32\win32u.dll
0x00007ffb69a10000 - 0x00007ffb69a3a000 	C:\WINDOWS\System32\GDI32.dll
0x00007ffb697f0000 - 0x00007ffb698fb000 	C:\WINDOWS\System32\gdi32full.dll
0x00007ffb68fc0000 - 0x00007ffb6905d000 	C:\WINDOWS\System32\msvcp_win.dll
0x00007ffb632e0000 - 0x00007ffb632f5000 	C:\Program Files\Java\jdk-11.0.15\bin\VCRUNTIME140.dll
0x00007ffb5b6f0000 - 0x00007ffb5b98a000 	C:\WINDOWS\WinSxS\amd64_microsoft.windows.common-controls_6595b64144ccf1df_6.0.19041.1110_none_60b5254171f9507e\COMCTL32.dll
0x00007ffb5e580000 - 0x00007ffb5e58a000 	C:\WINDOWS\SYSTEM32\VERSION.dll
0x00007ffb6a180000 - 0x00007ffb6a1b0000 	C:\WINDOWS\System32\IMM32.DLL
0x00007ffb46190000 - 0x00007ffb4622b000 	C:\Program Files\Java\jdk-11.0.15\bin\msvcp140.dll
0x00007ffaf2810000 - 0x00007ffaf3326000 	C:\Program Files\Java\jdk-11.0.15\bin\server\jvm.dll
0x00007ffb69900000 - 0x00007ffb69908000 	C:\WINDOWS\System32\PSAPI.DLL
0x00007ffb632d0000 - 0x00007ffb632d9000 	C:\WINDOWS\SYSTEM32\WSOCK32.dll
0x00007ffb6b360000 - 0x00007ffb6b3cb000 	C:\WINDOWS\System32\WS2_32.dll
0x00007ffb5e320000 - 0x00007ffb5e347000 	C:\WINDOWS\SYSTEM32\WINMM.dll
0x00007ffb66ec0000 - 0x00007ffb66ed2000 	C:\WINDOWS\SYSTEM32\kernel.appcore.dll
0x00007ffb632c0000 - 0x00007ffb632d0000 	C:\Program Files\Java\jdk-11.0.15\bin\verify.dll
0x00007ffb55060000 - 0x00007ffb55244000 	C:\WINDOWS\SYSTEM32\DBGHELP.DLL
0x00007ffb55030000 - 0x00007ffb5505c000 	C:\WINDOWS\SYSTEM32\dbgcore.DLL
0x00007ffb695c0000 - 0x00007ffb69642000 	C:\WINDOWS\System32\bcryptPrimitives.dll
0x00007ffb62f20000 - 0x00007ffb62f48000 	C:\Program Files\Java\jdk-11.0.15\bin\java.dll
0x00007ffb632b0000 - 0x00007ffb632ba000 	C:\Program Files\Java\jdk-11.0.15\bin\jimage.dll
0x00007ffb63210000 - 0x00007ffb63226000 	C:\Program Files\Java\jdk-11.0.15\bin\zip.dll
0x00007ffb6a510000 - 0x00007ffb6ac54000 	C:\WINDOWS\System32\SHELL32.dll
0x00007ffb670c0000 - 0x00007ffb67854000 	C:\WINDOWS\SYSTEM32\windows.storage.dll
0x00007ffb6a1b0000 - 0x00007ffb6a504000 	C:\WINDOWS\System32\combase.dll
0x00007ffb68a20000 - 0x00007ffb68a4c000 	C:\WINDOWS\SYSTEM32\Wldp.dll
0x00007ffb6b3d0000 - 0x00007ffb6b47d000 	C:\WINDOWS\System32\SHCORE.dll
0x00007ffb6b1d0000 - 0x00007ffb6b225000 	C:\WINDOWS\System32\shlwapi.dll
0x00007ffb68f00000 - 0x00007ffb68f1f000 	C:\WINDOWS\SYSTEM32\profapi.dll
0x00007ffb62f00000 - 0x00007ffb62f19000 	C:\Program Files\Java\jdk-11.0.15\bin\net.dll
0x00007ffb59e90000 - 0x00007ffb59f9a000 	C:\WINDOWS\SYSTEM32\WINHTTP.dll
0x00007ffb68710000 - 0x00007ffb6877a000 	C:\WINDOWS\system32\mswsock.dll
0x00007ffb598f0000 - 0x00007ffb59902000 	C:\Program Files\Java\jdk-11.0.15\bin\nio.dll
0x00007ffb4ec10000 - 0x00007ffb4ec37000 	C:\Users\jahan\.gradle\native\e1d6ef7f7dcc3fd88c89a11ec53ec762bb8ba0a96d01ffa2cd45eb1d1d8dd5c5\windows-amd64\native-platform.dll
0x00007ffb18540000 - 0x00007ffb18684000 	C:\Users\jahan\.gradle\native\5664cfc778a61ccfe75a443a1ab52a65af34e5dc3c78e0209fed803814484fcb\windows-amd64\native-platform-file-events.dll
0x00007ffb630c0000 - 0x00007ffb630c9000 	C:\Program Files\Java\jdk-11.0.15\bin\management.dll
0x00007ffb630a0000 - 0x00007ffb630ab000 	C:\Program Files\Java\jdk-11.0.15\bin\management_ext.dll
0x00007ffb68920000 - 0x00007ffb68938000 	C:\WINDOWS\SYSTEM32\CRYPTSP.dll
0x00007ffb68030000 - 0x00007ffb68064000 	C:\WINDOWS\system32\rsaenh.dll
0x00007ffb69710000 - 0x00007ffb69737000 	C:\WINDOWS\System32\bcrypt.dll
0x00007ffb68ec0000 - 0x00007ffb68eee000 	C:\WINDOWS\SYSTEM32\USERENV.dll
0x00007ffb68940000 - 0x00007ffb6894c000 	C:\WINDOWS\SYSTEM32\CRYPTBASE.dll
0x00007ffb683a0000 - 0x00007ffb683db000 	C:\WINDOWS\SYSTEM32\IPHLPAPI.DLL
0x00007ffb6b680000 - 0x00007ffb6b688000 	C:\WINDOWS\System32\NSI.dll
0x00007ffb5efa0000 - 0x00007ffb5efb7000 	C:\WINDOWS\SYSTEM32\dhcpcsvc6.DLL
0x00007ffb5fc20000 - 0x00007ffb5fc3d000 	C:\WINDOWS\SYSTEM32\dhcpcsvc.DLL
0x00007ffb68440000 - 0x00007ffb6850b000 	C:\WINDOWS\SYSTEM32\DNSAPI.dll

dbghelp: loaded successfully - version: 4.0.5 - missing functions: none
symbol engine: initialized successfully - sym options: 0x614 - pdb path: .;C:\Program Files\Java\jdk-11.0.15\bin;C:\WINDOWS\SYSTEM32;C:\WINDOWS\WinSxS\amd64_microsoft.windows.common-controls_6595b64144ccf1df_6.0.19041.1110_none_60b5254171f9507e;C:\Program Files\Java\jdk-11.0.15\bin\server;C:\Users\jahan\.gradle\native\e1d6ef7f7dcc3fd88c89a11ec53ec762bb8ba0a96d01ffa2cd45eb1d1d8dd5c5\windows-amd64;C:\Users\jahan\.gradle\native\5664cfc778a61ccfe75a443a1ab52a65af34e5dc3c78e0209fed803814484fcb\windows-amd64

VM Arguments:
jvm_args: -XX:MaxMetaspaceSize=512m --add-opens=java.base/java.util=ALL-UNNAMED --add-opens=java.base/java.lang=ALL-UNNAMED --add-opens=java.base/java.lang.invoke=ALL-UNNAMED --add-opens=java.base/java.util=ALL-UNNAMED --add-opens=java.prefs/java.util.prefs=ALL-UNNAMED --add-opens=java.prefs/java.util.prefs=ALL-UNNAMED --add-opens=java.base/java.nio.charset=ALL-UNNAMED --add-opens=java.base/java.net=ALL-UNNAMED --add-opens=java.base/java.util.concurrent.atomic=ALL-UNNAMED -Xmx2048m -Dfile.encoding=windows-1252 -Duser.country=US -Duser.language=en -Duser.variant 
java_command: org.gradle.launcher.daemon.bootstrap.GradleDaemon 7.3.3
java_class_path (initial): C:\Users\jahan\.gradle\wrapper\dists\gradle-7.3.3-all\4295vidhdd9hd3gbjyw1xqxpo\gradle-7.3.3\lib\gradle-launcher-7.3.3.jar
Launcher Type: SUN_STANDARD

[Global flags]
     intx CICompilerCount                          = 3                                         {product} {ergonomic}
   size_t CompressedClassSpaceSize                 = 528482304                                 {product} {ergonomic}
     uint ConcGCThreads                            = 1                                         {product} {ergonomic}
     uint G1ConcRefinementThreads                  = 4                                         {product} {ergonomic}
   size_t G1HeapRegionSize                         = 1048576                                   {product} {ergonomic}
    uintx GCDrainStackTargetSize                   = 64                                        {product} {ergonomic}
   size_t InitialHeapSize                          = 134217728                                 {product} {ergonomic}
   size_t MarkStackSize                            = 4194304                                   {product} {ergonomic}
   size_t MaxHeapSize                              = 2147483648                                {product} {command line}
   size_t MaxMetaspaceSize                         = 536870912                                 {product} {command line}
   size_t MaxNewSize                               = 1287651328                                {product} {ergonomic}
   size_t MinHeapDeltaBytes                        = 1048576                                   {product} {ergonomic}
    uintx NonNMethodCodeHeapSize                   = 5830732                                {pd product} {ergonomic}
    uintx NonProfiledCodeHeapSize                  = 122913754                              {pd product} {ergonomic}
    uintx ProfiledCodeHeapSize                     = 122913754                              {pd product} {ergonomic}
    uintx ReservedCodeCacheSize                    = 251658240                              {pd product} {ergonomic}
     bool SegmentedCodeCache                       = true                                      {product} {ergonomic}
     bool UseCompressedClassPointers               = true                                 {lp64_product} {ergonomic}
     bool UseCompressedOops                        = true                                 {lp64_product} {ergonomic}
     bool UseG1GC                                  = true                                      {product} {ergonomic}
     bool UseLargePagesIndividualAllocation        = false                                  {pd product} {ergonomic}

Logging:
Log output configuration:
 #0: stdout all=warning uptime,level,tags
 #1: stderr all=off uptime,level,tags

Environment Variables:
CLASSPATH=C:\Users\jahan\Desktop\Axiom\align_app\android\\gradle\wrapper\gradle-wrapper.jar
PATH=C:\Users\jahan\Desktop\Axiom\align_app\android\node_modules\.bin;C:\Users\jahan\Desktop\Axiom\align_app\node_modules\.bin;C:\Users\jahan\Desktop\Axiom\node_modules\.bin;C:\Users\jahan\Desktop\node_modules\.bin;C:\Users\jahan\node_modules\.bin;C:\Users\node_modules\.bin;C:\node_modules\.bin;C:\Program Files\nodejs;C:\Python310\Scripts\;C:\Python310\;C:\Program Files\Common Files\Oracle\Java\javapath;C:\WINDOWS\system32;C:\WINDOWS;C:\WINDOWS\System32\Wbem;C:\WINDOWS\System32\WindowsPowerShell\v1.0\;C:\Program Files\nodejs\;C:\ProgramData\chocolatey\bin;C:\Program Files\Java\jdk-11.0.15\bin;C:\Users\jahan\AppData\Local\Android\Sdk;C:\Users\jahan\AppData\Local\Android\Sdk\emulator;C:\Users\jahan\AppData\Local\Android\Sdk\platform-tools;C:\Program Files\Git\cmd;C:\WINDOWS\System32\OpenSSH\;C:\Users\jahan\AppData\Roaming\npm;C:\Users\jahan\AppData\Local\Programs\Microsoft VS Code\bin;C:\Users\jahan\AppData\Local\Microsoft\WindowsApps;
USERNAME=jahan
OS=Windows_NT
PROCESSOR_IDENTIFIER=Intel64 Family 6 Model 58 Stepping 9, GenuineIntel



---------------  S Y S T E M  ---------------

OS: Windows 10 , 64 bit Build 19041 (10.0.19041.1706)

CPU:total 4 (initial active 4) (2 cores per cpu, 2 threads per core) family 6 model 58 stepping 9 microcode 0x21, cmov, cx8, fxsr, mmx, sse, sse2, sse3, ssse3, sse4.1, sse4.2, popcnt, avx, aes, clmul, erms, ht, tsc, tscinvbit, tscinv

Memory: 4k page, system-wide physical 8084M (138M free)
TotalPageFile size 18164M (AvailPageFile size 3M)
current process WorkingSet (physical memory assigned to process): 475M, peak: 505M
current process commit charge ("private bytes"): 601M, peak: 607M

vm_info: Java HotSpot(TM) 64-Bit Server VM (11.0.15+8-LTS-149) for windows-amd64 JRE (11.0.15+8-LTS-149), built on Mar  9 2022 22:42:32 by "mach5one" with MS VC++ 15.9 (VS2017)

END.
